<?xml version="1.0" ?>
<coverage version="7.13.5" timestamp="1777341379311" lines-valid="3146" lines-covered="2063" line-rate="0.6558" branches-covered="0" branches-valid="0" branch-rate="0" complexity="0">
	<!-- Generated by coverage.py: https://coverage.readthedocs.io/en/7.13.5 -->
	<!-- Based on https://raw.githubusercontent.com/cobertura/web/master/htdocs/xml/coverage-04.dtd -->
	<sources>
		<source>/home/silvio/Documents/code/stockpy/stockpy</source>
	</sources>
	<packages>
		<package name="." line-rate="0.6507" branch-rate="0" complexity="0">
			<classes>
				<class name="__init__.py" filename="__init__.py" complexity="0" line-rate="1" branch-rate="0">
					<methods/>
					<lines>
						<line number="1" hits="1"/>
						<line number="2" hits="1"/>
						<line number="3" hits="1"/>
						<line number="4" hits="1"/>
						<line number="5" hits="1"/>
						<line number="6" hits="1"/>
					</lines>
				</class>
				<class name="base.py" filename="base.py" complexity="0" line-rate="0.6239" branch-rate="0">
					<methods/>
					<lines>
						<line number="1" hits="1"/>
						<line number="2" hits="1"/>
						<line number="3" hits="1"/>
						<line number="4" hits="1"/>
						<line number="5" hits="1"/>
						<line number="6" hits="1"/>
						<line number="7" hits="1"/>
						<line number="8" hits="1"/>
						<line number="9" hits="1"/>
						<line number="10" hits="1"/>
						<line number="11" hits="1"/>
						<line number="13" hits="1"/>
						<line number="14" hits="1"/>
						<line number="15" hits="1"/>
						<line number="16" hits="1"/>
						<line number="17" hits="1"/>
						<line number="18" hits="1"/>
						<line number="19" hits="1"/>
						<line number="26" hits="1"/>
						<line number="28" hits="1"/>
						<line number="29" hits="1"/>
						<line number="34" hits="1"/>
						<line number="35" hits="1"/>
						<line number="36" hits="1"/>
						<line number="54" hits="1"/>
						<line number="88" hits="0"/>
						<line number="91" hits="0"/>
						<line number="94" hits="0"/>
						<line number="97" hits="0"/>
						<line number="98" hits="0"/>
						<line number="103" hits="0"/>
						<line number="106" hits="0"/>
						<line number="109" hits="0"/>
						<line number="112" hits="0"/>
						<line number="115" hits="1"/>
						<line number="154" hits="0"/>
						<line number="161" hits="0"/>
						<line number="162" hits="0"/>
						<line number="163" hits="0"/>
						<line number="166" hits="0"/>
						<line number="169" hits="1"/>
						<line number="215" hits="0"/>
						<line number="218" hits="0"/>
						<line number="219" hits="0"/>
						<line number="221" hits="0"/>
						<line number="222" hits="0"/>
						<line number="227" hits="0"/>
						<line number="228" hits="0"/>
						<line number="231" hits="0"/>
						<line number="239" hits="1"/>
						<line number="282" hits="1"/>
						<line number="284" hits="1"/>
						<line number="286" hits="1"/>
						<line number="288" hits="1"/>
						<line number="289" hits="1"/>
						<line number="290" hits="1"/>
						<line number="293" hits="1"/>
						<line number="295" hits="1"/>
						<line number="296" hits="1"/>
						<line number="297" hits="1"/>
						<line number="298" hits="1"/>
						<line number="301" hits="1"/>
						<line number="304" hits="1"/>
						<line number="305" hits="1"/>
						<line number="306" hits="1"/>
						<line number="309" hits="1"/>
						<line number="312" hits="1"/>
						<line number="313" hits="0"/>
						<line number="315" hits="1"/>
						<line number="316" hits="1"/>
						<line number="317" hits="1"/>
						<line number="319" hits="1"/>
						<line number="320" hits="1"/>
						<line number="321" hits="1"/>
						<line number="323" hits="1"/>
						<line number="324" hits="1"/>
						<line number="354" hits="1"/>
						<line number="372" hits="1"/>
						<line number="373" hits="1"/>
						<line number="375" hits="1"/>
						<line number="407" hits="1"/>
						<line number="410" hits="1"/>
						<line number="411" hits="1"/>
						<line number="414" hits="1"/>
						<line number="415" hits="1"/>
						<line number="418" hits="1"/>
						<line number="419" hits="1"/>
						<line number="422" hits="1"/>
						<line number="423" hits="1"/>
						<line number="424" hits="1"/>
						<line number="427" hits="1"/>
						<line number="428" hits="1"/>
						<line number="431" hits="1"/>
						<line number="432" hits="1"/>
						<line number="434" hits="1"/>
						<line number="435" hits="1"/>
						<line number="437" hits="1"/>
						<line number="440" hits="1"/>
						<line number="442" hits="1"/>
						<line number="473" hits="1"/>
						<line number="476" hits="1"/>
						<line number="477" hits="1"/>
						<line number="478" hits="1"/>
						<line number="479" hits="1"/>
						<line number="481" hits="1"/>
						<line number="482" hits="1"/>
						<line number="485" hits="1"/>
						<line number="488" hits="1"/>
						<line number="491" hits="1"/>
						<line number="492" hits="1"/>
						<line number="493" hits="1"/>
						<line number="496" hits="1"/>
						<line number="497" hits="0"/>
						<line number="499" hits="1"/>
						<line number="530" hits="1"/>
						<line number="531" hits="1"/>
						<line number="533" hits="1"/>
						<line number="534" hits="1"/>
						<line number="535" hits="1"/>
						<line number="536" hits="1"/>
						<line number="538" hits="1"/>
						<line number="540" hits="1"/>
						<line number="575" hits="1"/>
						<line number="576" hits="1"/>
						<line number="577" hits="1"/>
						<line number="578" hits="0"/>
						<line number="583" hits="1"/>
						<line number="584" hits="1"/>
						<line number="585" hits="0"/>
						<line number="586" hits="0"/>
						<line number="587" hits="0"/>
						<line number="592" hits="1"/>
						<line number="593" hits="1"/>
						<line number="595" hits="1"/>
						<line number="631" hits="1"/>
						<line number="633" hits="1"/>
						<line number="636" hits="1"/>
						<line number="638" hits="1"/>
						<line number="640" hits="1"/>
						<line number="641" hits="1"/>
						<line number="642" hits="0"/>
						<line number="646" hits="1"/>
						<line number="647" hits="1"/>
						<line number="648" hits="0"/>
						<line number="652" hits="1"/>
						<line number="653" hits="0"/>
						<line number="655" hits="1"/>
						<line number="656" hits="0"/>
						<line number="658" hits="1"/>
						<line number="659" hits="1"/>
						<line number="660" hits="1"/>
						<line number="663" hits="1"/>
						<line number="664" hits="1"/>
						<line number="666" hits="1"/>
						<line number="705" hits="1"/>
						<line number="706" hits="1"/>
						<line number="707" hits="1"/>
						<line number="708" hits="1"/>
						<line number="709" hits="0"/>
						<line number="710" hits="1"/>
						<line number="712" hits="1"/>
						<line number="739" hits="1"/>
						<line number="740" hits="1"/>
						<line number="742" hits="1"/>
						<line number="744" hits="1"/>
						<line number="768" hits="0"/>
						<line number="770" hits="1"/>
						<line number="785" hits="0"/>
						<line number="787" hits="1"/>
						<line number="805" hits="0"/>
						<line number="806" hits="0"/>
						<line number="807" hits="0"/>
						<line number="808" hits="0"/>
						<line number="810" hits="1"/>
						<line number="829" hits="0"/>
						<line number="830" hits="0"/>
						<line number="831" hits="0"/>
						<line number="832" hits="0"/>
						<line number="833" hits="0"/>
						<line number="835" hits="1"/>
						<line number="848" hits="1"/>
						<line number="850" hits="1"/>
						<line number="870" hits="1"/>
						<line number="871" hits="1"/>
						<line number="872" hits="1"/>
						<line number="874" hits="1"/>
						<line number="876" hits="1"/>
						<line number="911" hits="1"/>
						<line number="912" hits="0"/>
						<line number="919" hits="1"/>
						<line number="921" hits="1"/>
						<line number="924" hits="1"/>
						<line number="925" hits="1"/>
						<line number="927" hits="0"/>
						<line number="928" hits="0"/>
						<line number="930" hits="1"/>
						<line number="932" hits="1"/>
						<line number="955" hits="1"/>
						<line number="956" hits="1"/>
						<line number="959" hits="0"/>
						<line number="961" hits="1"/>
						<line number="963" hits="1"/>
						<line number="986" hits="1"/>
						<line number="988" hits="1"/>
						<line number="990" hits="1"/>
						<line number="992" hits="1"/>
						<line number="994" hits="1"/>
						<line number="1028" hits="0"/>
						<line number="1030" hits="0"/>
						<line number="1031" hits="0"/>
						<line number="1035" hits="0"/>
						<line number="1036" hits="0"/>
						<line number="1038" hits="1"/>
						<line number="1039" hits="1"/>
						<line number="1072" hits="1"/>
						<line number="1073" hits="1"/>
						<line number="1074" hits="1"/>
						<line number="1077" hits="1"/>
						<line number="1079" hits="1"/>
						<line number="1108" hits="1"/>
						<line number="1110" hits="1"/>
						<line number="1112" hits="1"/>
						<line number="1114" hits="1"/>
						<line number="1144" hits="1"/>
						<line number="1146" hits="1"/>
						<line number="1148" hits="0"/>
						<line number="1151" hits="1"/>
						<line number="1153" hits="1"/>
						<line number="1155" hits="1"/>
						<line number="1195" hits="1"/>
						<line number="1197" hits="1"/>
						<line number="1198" hits="1"/>
						<line number="1199" hits="0"/>
						<line number="1202" hits="1"/>
						<line number="1208" hits="1"/>
						<line number="1209" hits="0"/>
						<line number="1210" hits="0"/>
						<line number="1215" hits="0"/>
						<line number="1218" hits="1"/>
						<line number="1221" hits="1"/>
						<line number="1222" hits="0"/>
						<line number="1223" hits="0"/>
						<line number="1224" hits="0"/>
						<line number="1225" hits="0"/>
						<line number="1226" hits="0"/>
						<line number="1229" hits="1"/>
						<line number="1231" hits="1"/>
						<line number="1268" hits="1"/>
						<line number="1270" hits="1"/>
						<line number="1271" hits="1"/>
						<line number="1272" hits="1"/>
						<line number="1275" hits="1"/>
						<line number="1281" hits="1"/>
						<line number="1282" hits="0"/>
						<line number="1283" hits="0"/>
						<line number="1286" hits="0"/>
						<line number="1289" hits="1"/>
						<line number="1292" hits="1"/>
						<line number="1293" hits="1"/>
						<line number="1294" hits="1"/>
						<line number="1295" hits="0"/>
						<line number="1297" hits="0"/>
						<line number="1299" hits="1"/>
						<line number="1300" hits="1"/>
						<line number="1301" hits="1"/>
						<line number="1304" hits="1"/>
						<line number="1305" hits="1"/>
						<line number="1307" hits="0"/>
						<line number="1310" hits="1"/>
						<line number="1312" hits="1"/>
						<line number="1350" hits="1"/>
						<line number="1352" hits="1"/>
						<line number="1355" hits="0"/>
						<line number="1356" hits="0"/>
						<line number="1357" hits="0"/>
						<line number="1363" hits="0"/>
						<line number="1366" hits="0"/>
						<line number="1369" hits="0"/>
						<line number="1371" hits="1"/>
						<line number="1406" hits="1"/>
						<line number="1408" hits="1"/>
						<line number="1410" hits="1"/>
						<line number="1413" hits="1"/>
						<line number="1414" hits="0"/>
						<line number="1417" hits="1"/>
						<line number="1418" hits="1"/>
						<line number="1419" hits="1"/>
						<line number="1421" hits="1"/>
						<line number="1422" hits="1"/>
						<line number="1423" hits="1"/>
						<line number="1424" hits="1"/>
						<line number="1426" hits="1"/>
						<line number="1460" hits="1"/>
						<line number="1462" hits="1"/>
						<line number="1463" hits="0"/>
						<line number="1465" hits="0"/>
						<line number="1468" hits="0"/>
						<line number="1469" hits="0"/>
						<line number="1472" hits="1"/>
						<line number="1475" hits="1"/>
						<line number="1477" hits="0"/>
						<line number="1478" hits="0"/>
						<line number="1481" hits="0"/>
						<line number="1484" hits="0"/>
						<line number="1491" hits="0"/>
						<line number="1493" hits="1"/>
						<line number="1495" hits="1"/>
						<line number="1520" hits="1"/>
						<line number="1522" hits="1"/>
						<line number="1524" hits="1"/>
						<line number="1526" hits="1"/>
						<line number="1555" hits="1"/>
						<line number="1558" hits="1"/>
						<line number="1559" hits="1"/>
						<line number="1560" hits="1"/>
						<line number="1561" hits="1"/>
						<line number="1563" hits="1"/>
						<line number="1564" hits="1"/>
						<line number="1565" hits="1"/>
						<line number="1567" hits="1"/>
						<line number="1568" hits="1"/>
						<line number="1571" hits="1"/>
						<line number="1574" hits="1"/>
						<line number="1576" hits="1"/>
						<line number="1578" hits="1"/>
						<line number="1599" hits="1"/>
						<line number="1600" hits="1"/>
						<line number="1601" hits="0"/>
						<line number="1605" hits="0"/>
						<line number="1607" hits="1"/>
						<line number="1608" hits="0"/>
						<line number="1610" hits="1"/>
						<line number="1641" hits="0"/>
						<line number="1643" hits="1"/>
						<line number="1644" hits="1"/>
						<line number="1693" hits="0"/>
						<line number="1695" hits="0"/>
						<line number="1698" hits="0"/>
						<line number="1699" hits="0"/>
						<line number="1700" hits="0"/>
						<line number="1701" hits="0"/>
						<line number="1704" hits="0"/>
						<line number="1705" hits="0"/>
						<line number="1706" hits="0"/>
						<line number="1707" hits="0"/>
						<line number="1713" hits="1"/>
						<line number="1764" hits="1"/>
						<line number="1766" hits="1"/>
						<line number="1769" hits="1"/>
						<line number="1770" hits="0"/>
						<line number="1771" hits="0"/>
						<line number="1772" hits="0"/>
						<line number="1773" hits="0"/>
						<line number="1776" hits="1"/>
						<line number="1777" hits="1"/>
						<line number="1778" hits="1"/>
						<line number="1779" hits="1"/>
						<line number="1785" hits="1"/>
						<line number="1818" hits="1"/>
						<line number="1820" hits="1"/>
						<line number="1856" hits="1"/>
						<line number="1858" hits="1"/>
						<line number="1903" hits="1"/>
						<line number="1904" hits="1"/>
						<line number="1906" hits="0"/>
						<line number="1908" hits="1"/>
						<line number="1958" hits="1"/>
						<line number="1961" hits="1"/>
						<line number="1964" hits="1"/>
						<line number="1966" hits="1"/>
						<line number="1967" hits="1"/>
						<line number="1970" hits="1"/>
						<line number="1973" hits="1"/>
						<line number="1976" hits="1"/>
						<line number="1984" hits="1"/>
						<line number="1987" hits="1"/>
						<line number="1988" hits="1"/>
						<line number="1991" hits="1"/>
						<line number="1994" hits="1"/>
						<line number="1996" hits="1"/>
						<line number="2041" hits="1"/>
						<line number="2044" hits="1"/>
						<line number="2047" hits="1"/>
						<line number="2049" hits="1"/>
						<line number="2052" hits="1"/>
						<line number="2054" hits="1"/>
						<line number="2056" hits="1"/>
						<line number="2102" hits="1"/>
						<line number="2105" hits="1"/>
						<line number="2108" hits="1"/>
						<line number="2111" hits="1"/>
						<line number="2117" hits="1"/>
						<line number="2118" hits="1"/>
						<line number="2122" hits="1"/>
						<line number="2123" hits="0"/>
						<line number="2126" hits="1"/>
						<line number="2129" hits="1"/>
						<line number="2130" hits="1"/>
						<line number="2133" hits="1"/>
						<line number="2135" hits="1"/>
						<line number="2138" hits="1"/>
						<line number="2146" hits="1"/>
						<line number="2155" hits="1"/>
						<line number="2157" hits="1"/>
						<line number="2159" hits="1"/>
						<line number="2207" hits="1"/>
						<line number="2208" hits="1"/>
						<line number="2211" hits="1"/>
						<line number="2214" hits="1"/>
						<line number="2216" hits="1"/>
						<line number="2219" hits="1"/>
						<line number="2222" hits="1"/>
						<line number="2223" hits="1"/>
						<line number="2226" hits="1"/>
						<line number="2231" hits="1"/>
						<line number="2234" hits="1"/>
						<line number="2237" hits="1"/>
						<line number="2240" hits="1"/>
						<line number="2242" hits="1"/>
						<line number="2300" hits="1"/>
						<line number="2301" hits="0"/>
						<line number="2304" hits="1"/>
						<line number="2307" hits="1"/>
						<line number="2309" hits="1"/>
						<line number="2310" hits="1"/>
						<line number="2312" hits="1"/>
						<line number="2315" hits="1"/>
						<line number="2318" hits="1"/>
						<line number="2320" hits="1"/>
						<line number="2405" hits="1"/>
						<line number="2406" hits="1"/>
						<line number="2407" hits="1"/>
						<line number="2408" hits="1"/>
						<line number="2409" hits="1"/>
						<line number="2410" hits="1"/>
						<line number="2411" hits="1"/>
						<line number="2412" hits="1"/>
						<line number="2413" hits="1"/>
						<line number="2414" hits="1"/>
						<line number="2415" hits="1"/>
						<line number="2416" hits="1"/>
						<line number="2418" hits="1"/>
						<line number="2423" hits="1"/>
						<line number="2424" hits="0"/>
						<line number="2426" hits="1"/>
						<line number="2430" hits="1"/>
						<line number="2431" hits="1"/>
						<line number="2434" hits="1"/>
						<line number="2435" hits="0"/>
						<line number="2436" hits="0"/>
						<line number="2443" hits="1"/>
						<line number="2445" hits="1"/>
						<line number="2447" hits="1"/>
						<line number="2486" hits="1"/>
						<line number="2487" hits="1"/>
						<line number="2488" hits="1"/>
						<line number="2490" hits="0"/>
						<line number="2492" hits="1"/>
						<line number="2494" hits="1"/>
						<line number="2521" hits="0"/>
						<line number="2522" hits="0"/>
						<line number="2525" hits="0"/>
						<line number="2529" hits="0"/>
						<line number="2532" hits="0"/>
						<line number="2534" hits="0"/>
						<line number="2535" hits="0"/>
						<line number="2536" hits="0"/>
						<line number="2538" hits="1"/>
						<line number="2582" hits="1"/>
						<line number="2585" hits="1"/>
						<line number="2588" hits="1"/>
						<line number="2590" hits="1"/>
						<line number="2593" hits="1"/>
						<line number="2595" hits="1"/>
						<line number="2645" hits="0"/>
						<line number="2648" hits="0"/>
						<line number="2651" hits="0"/>
						<line number="2652" hits="0"/>
						<line number="2655" hits="0"/>
						<line number="2657" hits="1"/>
						<line number="2698" hits="0"/>
						<line number="2699" hits="0"/>
						<line number="2701" hits="0"/>
						<line number="2702" hits="0"/>
						<line number="2703" hits="0"/>
						<line number="2706" hits="0"/>
						<line number="2709" hits="0"/>
						<line number="2712" hits="0"/>
						<line number="2714" hits="1"/>
						<line number="2746" hits="1"/>
						<line number="2747" hits="1"/>
						<line number="2750" hits="1"/>
						<line number="2751" hits="0"/>
						<line number="2752" hits="0"/>
						<line number="2755" hits="1"/>
						<line number="2761" hits="1"/>
						<line number="2802" hits="1"/>
						<line number="2805" hits="1"/>
						<line number="2808" hits="1"/>
						<line number="2809" hits="0"/>
						<line number="2812" hits="1"/>
						<line number="2813" hits="1"/>
						<line number="2816" hits="1"/>
						<line number="2817" hits="0"/>
						<line number="2822" hits="1"/>
						<line number="2824" hits="1"/>
						<line number="2861" hits="1"/>
						<line number="2864" hits="1"/>
						<line number="2867" hits="1"/>
						<line number="2869" hits="1"/>
						<line number="2872" hits="1"/>
						<line number="2875" hits="1"/>
						<line number="2878" hits="1"/>
						<line number="2880" hits="1"/>
						<line number="2882" hits="1"/>
						<line number="2918" hits="1"/>
						<line number="2921" hits="1"/>
						<line number="2923" hits="1"/>
						<line number="2966" hits="1"/>
						<line number="2968" hits="1"/>
						<line number="2971" hits="1"/>
						<line number="2977" hits="1"/>
						<line number="2978" hits="1"/>
						<line number="2981" hits="1"/>
						<line number="2984" hits="1"/>
						<line number="2985" hits="0"/>
						<line number="2990" hits="1"/>
						<line number="2991" hits="1"/>
						<line number="3001" hits="0"/>
						<line number="3003" hits="1"/>
						<line number="3056" hits="1"/>
						<line number="3059" hits="1"/>
						<line number="3060" hits="1"/>
						<line number="3064" hits="0"/>
						<line number="3066" hits="1"/>
						<line number="3099" hits="1"/>
						<line number="3100" hits="1"/>
						<line number="3103" hits="1"/>
						<line number="3106" hits="1"/>
						<line number="3107" hits="0"/>
						<line number="3109" hits="1"/>
						<line number="3111" hits="1"/>
						<line number="3164" hits="1"/>
						<line number="3166" hits="1"/>
						<line number="3167" hits="1"/>
						<line number="3169" hits="1"/>
						<line number="3170" hits="1"/>
						<line number="3171" hits="1"/>
						<line number="3173" hits="0"/>
						<line number="3174" hits="0"/>
						<line number="3175" hits="0"/>
						<line number="3176" hits="0"/>
						<line number="3183" hits="0"/>
						<line number="3187" hits="1"/>
						<line number="3188" hits="1"/>
						<line number="3190" hits="1"/>
						<line number="3198" hits="1"/>
						<line number="3199" hits="0"/>
						<line number="3200" hits="0"/>
						<line number="3201" hits="0"/>
						<line number="3203" hits="1"/>
						<line number="3208" hits="1"/>
						<line number="3210" hits="1"/>
						<line number="3211" hits="0"/>
						<line number="3213" hits="1"/>
						<line number="3216" hits="1"/>
						<line number="3217" hits="1"/>
						<line number="3218" hits="0"/>
						<line number="3220" hits="1"/>
						<line number="3276" hits="1"/>
						<line number="3278" hits="1"/>
						<line number="3279" hits="1"/>
						<line number="3280" hits="1"/>
						<line number="3282" hits="1"/>
						<line number="3283" hits="1"/>
						<line number="3284" hits="1"/>
						<line number="3285" hits="1"/>
						<line number="3286" hits="1"/>
						<line number="3289" hits="0"/>
						<line number="3290" hits="0"/>
						<line number="3292" hits="1"/>
						<line number="3296" hits="1"/>
						<line number="3297" hits="1"/>
						<line number="3298" hits="1"/>
						<line number="3299" hits="1"/>
						<line number="3301" hits="1"/>
						<line number="3302" hits="1"/>
						<line number="3303" hits="1"/>
						<line number="3304" hits="0"/>
						<line number="3305" hits="1"/>
						<line number="3306" hits="0"/>
						<line number="3307" hits="1"/>
						<line number="3310" hits="1"/>
						<line number="3311" hits="1"/>
						<line number="3316" hits="1"/>
						<line number="3317" hits="1"/>
						<line number="3319" hits="1"/>
						<line number="3321" hits="1"/>
						<line number="3322" hits="0"/>
						<line number="3323" hits="0"/>
						<line number="3324" hits="0"/>
						<line number="3327" hits="1"/>
						<line number="3328" hits="1"/>
						<line number="3329" hits="0"/>
						<line number="3331" hits="1"/>
						<line number="3332" hits="1"/>
						<line number="3333" hits="1"/>
						<line number="3335" hits="1"/>
						<line number="3364" hits="1"/>
						<line number="3366" hits="1"/>
						<line number="3402" hits="1"/>
						<line number="3404" hits="1"/>
						<line number="3438" hits="1"/>
						<line number="3441" hits="1"/>
						<line number="3444" hits="1"/>
						<line number="3447" hits="1"/>
						<line number="3449" hits="0"/>
						<line number="3455" hits="0"/>
						<line number="3456" hits="0"/>
						<line number="3457" hits="0"/>
						<line number="3460" hits="1"/>
						<line number="3461" hits="1"/>
						<line number="3464" hits="1"/>
						<line number="3467" hits="1"/>
						<line number="3468" hits="1"/>
						<line number="3470" hits="1"/>
						<line number="3472" hits="1"/>
						<line number="3513" hits="1"/>
						<line number="3516" hits="1"/>
						<line number="3518" hits="1"/>
						<line number="3541" hits="0"/>
						<line number="3543" hits="0"/>
						<line number="3545" hits="1"/>
						<line number="3571" hits="0"/>
						<line number="3574" hits="0"/>
						<line number="3575" hits="0"/>
						<line number="3578" hits="0"/>
						<line number="3581" hits="0"/>
						<line number="3583" hits="0"/>
						<line number="3586" hits="0"/>
						<line number="3589" hits="0"/>
						<line number="3590" hits="0"/>
						<line number="3593" hits="0"/>
						<line number="3595" hits="0"/>
						<line number="3598" hits="0"/>
						<line number="3601" hits="0"/>
						<line number="3603" hits="1"/>
						<line number="3640" hits="0"/>
						<line number="3643" hits="0"/>
						<line number="3646" hits="0"/>
						<line number="3649" hits="0"/>
						<line number="3652" hits="0"/>
						<line number="3654" hits="1"/>
						<line number="3682" hits="1"/>
						<line number="3685" hits="1"/>
						<line number="3688" hits="1"/>
						<line number="3691" hits="0"/>
						<line number="3692" hits="0"/>
						<line number="3695" hits="0"/>
						<line number="3696" hits="0"/>
						<line number="3697" hits="0"/>
						<line number="3698" hits="0"/>
						<line number="3700" hits="0"/>
						<line number="3701" hits="0"/>
						<line number="3704" hits="0"/>
						<line number="3707" hits="1"/>
						<line number="3710" hits="1"/>
						<line number="3711" hits="0"/>
						<line number="3717" hits="0"/>
						<line number="3720" hits="1"/>
						<line number="3721" hits="0"/>
						<line number="3722" hits="0"/>
						<line number="3723" hits="0"/>
						<line number="3727" hits="1"/>
						<line number="3728" hits="1"/>
						<line number="3729" hits="0"/>
						<line number="3735" hits="1"/>
						<line number="3736" hits="0"/>
						<line number="3738" hits="1"/>
						<line number="3743" hits="1"/>
						<line number="3745" hits="1"/>
						<line number="3779" hits="1"/>
						<line number="3780" hits="1"/>
						<line number="3781" hits="0"/>
						<line number="3782" hits="0"/>
						<line number="3783" hits="0"/>
						<line number="3790" hits="0"/>
						<line number="3792" hits="1"/>
						<line number="3793" hits="1"/>
						<line number="3794" hits="1"/>
						<line number="3796" hits="0"/>
						<line number="3800" hits="0"/>
						<line number="3802" hits="0"/>
						<line number="3803" hits="0"/>
						<line number="3808" hits="1"/>
						<line number="3848" hits="1"/>
						<line number="3849" hits="1"/>
						<line number="3850" hits="1"/>
						<line number="3851" hits="0"/>
						<line number="3852" hits="1"/>
						<line number="3855" hits="0"/>
						<line number="3856" hits="1"/>
						<line number="3858" hits="0"/>
						<line number="3859" hits="0"/>
						<line number="3861" hits="0"/>
						<line number="3863" hits="0"/>
						<line number="3865" hits="0"/>
						<line number="3866" hits="0"/>
						<line number="3870" hits="0"/>
						<line number="3872" hits="0"/>
						<line number="3873" hits="0"/>
						<line number="3877" hits="0"/>
						<line number="3880" hits="0"/>
						<line number="3883" hits="0"/>
						<line number="3886" hits="0"/>
						<line number="3887" hits="0"/>
						<line number="3889" hits="0"/>
						<line number="3890" hits="0"/>
						<line number="3892" hits="0"/>
						<line number="3893" hits="0"/>
						<line number="3894" hits="0"/>
						<line number="3895" hits="0"/>
						<line number="3896" hits="0"/>
						<line number="3897" hits="0"/>
						<line number="3898" hits="0"/>
						<line number="3899" hits="0"/>
						<line number="3900" hits="0"/>
						<line number="3902" hits="0"/>
						<line number="3903" hits="0"/>
						<line number="3904" hits="0"/>
						<line number="3906" hits="0"/>
						<line number="3907" hits="0"/>
						<line number="3908" hits="0"/>
						<line number="3910" hits="0"/>
						<line number="3911" hits="0"/>
						<line number="3915" hits="0"/>
						<line number="3917" hits="1"/>
						<line number="3950" hits="0"/>
						<line number="3951" hits="0"/>
						<line number="3954" hits="0"/>
						<line number="3955" hits="0"/>
						<line number="3956" hits="0"/>
						<line number="3957" hits="0"/>
						<line number="3958" hits="0"/>
						<line number="3961" hits="0"/>
						<line number="3962" hits="0"/>
						<line number="3963" hits="0"/>
						<line number="3964" hits="0"/>
						<line number="3965" hits="0"/>
						<line number="3966" hits="0"/>
						<line number="3967" hits="0"/>
						<line number="3969" hits="0"/>
						<line number="3974" hits="0"/>
						<line number="3976" hits="1"/>
						<line number="4005" hits="0"/>
						<line number="4006" hits="0"/>
						<line number="4007" hits="0"/>
						<line number="4008" hits="0"/>
						<line number="4009" hits="0"/>
						<line number="4010" hits="0"/>
						<line number="4012" hits="1"/>
						<line number="4060" hits="1"/>
						<line number="4062" hits="1"/>
						<line number="4063" hits="0"/>
						<line number="4068" hits="1"/>
						<line number="4069" hits="1"/>
						<line number="4071" hits="1"/>
						<line number="4072" hits="0"/>
						<line number="4074" hits="1"/>
						<line number="4075" hits="1"/>
						<line number="4077" hits="1"/>
						<line number="4078" hits="0"/>
						<line number="4079" hits="0"/>
						<line number="4080" hits="0"/>
						<line number="4081" hits="0"/>
						<line number="4083" hits="0"/>
						<line number="4084" hits="1"/>
						<line number="4085" hits="0"/>
						<line number="4086" hits="1"/>
						<line number="4087" hits="0"/>
						<line number="4089" hits="1"/>
						<line number="4094" hits="0"/>
						<line number="4095" hits="0"/>
						<line number="4096" hits="0"/>
						<line number="4097" hits="0"/>
						<line number="4098" hits="0"/>
						<line number="4099" hits="0"/>
						<line number="4100" hits="0"/>
						<line number="4102" hits="1"/>
						<line number="4103" hits="1"/>
						<line number="4105" hits="1"/>
						<line number="4106" hits="1"/>
						<line number="4108" hits="1"/>
						<line number="4110" hits="1"/>
						<line number="4144" hits="0"/>
						<line number="4147" hits="0"/>
						<line number="4150" hits="0"/>
						<line number="4151" hits="0"/>
						<line number="4152" hits="0"/>
						<line number="4153" hits="0"/>
						<line number="4156" hits="0"/>
						<line number="4157" hits="0"/>
						<line number="4161" hits="0"/>
						<line number="4162" hits="0"/>
						<line number="4163" hits="0"/>
						<line number="4166" hits="0"/>
						<line number="4168" hits="0"/>
						<line number="4170" hits="1"/>
						<line number="4204" hits="0"/>
						<line number="4207" hits="0"/>
						<line number="4210" hits="0"/>
						<line number="4213" hits="0"/>
						<line number="4214" hits="0"/>
						<line number="4215" hits="0"/>
						<line number="4216" hits="0"/>
						<line number="4219" hits="0"/>
						<line number="4222" hits="0"/>
						<line number="4225" hits="0"/>
						<line number="4227" hits="1"/>
						<line number="4272" hits="0"/>
						<line number="4275" hits="0"/>
						<line number="4276" hits="0"/>
						<line number="4279" hits="0"/>
						<line number="4280" hits="0"/>
						<line number="4284" hits="1"/>
						<line number="4325" hits="0"/>
						<line number="4329" hits="0"/>
						<line number="4330" hits="0"/>
						<line number="4334" hits="0"/>
						<line number="4335" hits="0"/>
						<line number="4339" hits="1"/>
						<line number="4366" hits="0"/>
						<line number="4367" hits="0"/>
						<line number="4371" hits="0"/>
						<line number="4374" hits="0"/>
						<line number="4375" hits="0"/>
						<line number="4379" hits="0"/>
						<line number="4382" hits="0"/>
						<line number="4383" hits="0"/>
						<line number="4387" hits="0"/>
						<line number="4389" hits="1"/>
						<line number="4420" hits="1"/>
						<line number="4423" hits="1"/>
						<line number="4426" hits="1"/>
						<line number="4429" hits="1"/>
						<line number="4432" hits="1"/>
						<line number="4438" hits="1"/>
						<line number="4440" hits="1"/>
						<line number="4442" hits="1"/>
						<line number="4468" hits="0"/>
						<line number="4471" hits="0"/>
						<line number="4473" hits="1"/>
						<line number="4505" hits="1"/>
						<line number="4507" hits="0"/>
						<line number="4511" hits="0"/>
						<line number="4512" hits="0"/>
						<line number="4515" hits="1"/>
						<line number="4516" hits="1"/>
						<line number="4519" hits="1"/>
						<line number="4520" hits="0"/>
						<line number="4525" hits="0"/>
						<line number="4528" hits="1"/>
						<line number="4594" hits="1"/>
						<line number="4617" hits="1"/>
						<line number="4618" hits="1"/>
						<line number="4619" hits="1"/>
						<line number="4621" hits="1"/>
						<line number="4623" hits="1"/>
						<line number="4664" hits="1"/>
						<line number="4665" hits="0"/>
						<line number="4674" hits="1"/>
						<line number="4675" hits="0"/>
						<line number="4677" hits="1"/>
						<line number="4765" hits="1"/>
						<line number="4782" hits="1"/>
						<line number="4783" hits="1"/>
						<line number="4806" hits="1"/>
						<line number="4811" hits="0"/>
						<line number="4813" hits="1"/>
						<line number="4815" hits="1"/>
					</lines>
				</class>
				<class name="exceptions.py" filename="exceptions.py" complexity="0" line-rate="1" branch-rate="0">
					<methods/>
					<lines>
						<line number="1" hits="1"/>
						<line number="4" hits="1"/>
						<line number="12" hits="1"/>
						<line number="23" hits="1"/>
						<line number="34" hits="1"/>
						<line number="45" hits="1"/>
						<line number="56" hits="1"/>
						<line number="67" hits="1"/>
					</lines>
				</class>
				<class name="history.py" filename="history.py" complexity="0" line-rate="0.8241" branch-rate="0">
					<methods/>
					<lines>
						<line number="1" hits="1"/>
						<line number="3" hits="1"/>
						<line number="7" hits="1"/>
						<line number="11" hits="1"/>
						<line number="29" hits="1"/>
						<line number="30" hits="1"/>
						<line number="31" hits="1"/>
						<line number="34" hits="1"/>
						<line number="64" hits="1"/>
						<line number="65" hits="1"/>
						<line number="66" hits="1"/>
						<line number="67" hits="1"/>
						<line number="68" hits="1"/>
						<line number="69" hits="1"/>
						<line number="70" hits="0"/>
						<line number="71" hits="0"/>
						<line number="73" hits="1"/>
						<line number="74" hits="1"/>
						<line number="75" hits="1"/>
						<line number="76" hits="0"/>
						<line number="77" hits="1"/>
						<line number="80" hits="1"/>
						<line number="105" hits="0"/>
						<line number="108" hits="1"/>
						<line number="133" hits="1"/>
						<line number="134" hits="1"/>
						<line number="135" hits="1"/>
						<line number="136" hits="1"/>
						<line number="137" hits="1"/>
						<line number="138" hits="1"/>
						<line number="139" hits="1"/>
						<line number="140" hits="1"/>
						<line number="141" hits="1"/>
						<line number="144" hits="1"/>
						<line number="165" hits="0"/>
						<line number="168" hits="1"/>
						<line number="188" hits="0"/>
						<line number="191" hits="1"/>
						<line number="211" hits="1"/>
						<line number="214" hits="1"/>
						<line number="257" hits="1"/>
						<line number="258" hits="1"/>
						<line number="259" hits="1"/>
						<line number="260" hits="1"/>
						<line number="261" hits="0"/>
						<line number="262" hits="1"/>
						<line number="263" hits="1"/>
						<line number="264" hits="0"/>
						<line number="266" hits="1"/>
						<line number="267" hits="1"/>
						<line number="268" hits="0"/>
						<line number="269" hits="1"/>
						<line number="270" hits="0"/>
						<line number="271" hits="1"/>
						<line number="272" hits="1"/>
						<line number="273" hits="0"/>
						<line number="276" hits="1"/>
						<line number="319" hits="1"/>
						<line number="320" hits="0"/>
						<line number="326" hits="1"/>
						<line number="328" hits="1"/>
						<line number="331" hits="1"/>
						<line number="373" hits="1"/>
						<line number="387" hits="1"/>
						<line number="389" hits="1"/>
						<line number="408" hits="1"/>
						<line number="410" hits="1"/>
						<line number="435" hits="1"/>
						<line number="436" hits="0"/>
						<line number="437" hits="1"/>
						<line number="439" hits="1"/>
						<line number="467" hits="1"/>
						<line number="469" hits="1"/>
						<line number="488" hits="1"/>
						<line number="490" hits="1"/>
						<line number="491" hits="1"/>
						<line number="513" hits="0"/>
						<line number="514" hits="0"/>
						<line number="516" hits="1"/>
						<line number="533" hits="0"/>
						<line number="534" hits="0"/>
						<line number="536" hits="1"/>
						<line number="583" hits="1"/>
						<line number="584" hits="1"/>
						<line number="588" hits="1"/>
						<line number="589" hits="1"/>
						<line number="591" hits="1"/>
						<line number="592" hits="0"/>
						<line number="598" hits="1"/>
						<line number="602" hits="1"/>
						<line number="603" hits="1"/>
						<line number="604" hits="1"/>
						<line number="605" hits="1"/>
						<line number="609" hits="1"/>
						<line number="610" hits="1"/>
						<line number="615" hits="1"/>
						<line number="616" hits="1"/>
						<line number="618" hits="1"/>
						<line number="619" hits="1"/>
						<line number="620" hits="1"/>
						<line number="623" hits="1"/>
						<line number="625" hits="1"/>
						<line number="627" hits="1"/>
						<line number="629" hits="1"/>
						<line number="635" hits="0"/>
						<line number="637" hits="1"/>
						<line number="638" hits="1"/>
						<line number="640" hits="1"/>
					</lines>
				</class>
			</classes>
		</package>
		<package name="callbacks" line-rate="0.6519" branch-rate="0" complexity="0">
			<classes>
				<class name="__init__.py" filename="callbacks/__init__.py" complexity="0" line-rate="1" branch-rate="0">
					<methods/>
					<lines>
						<line number="1" hits="1"/>
						<line number="2" hits="1"/>
						<line number="3" hits="1"/>
						<line number="4" hits="1"/>
						<line number="5" hits="1"/>
						<line number="6" hits="1"/>
						<line number="8" hits="1"/>
					</lines>
				</class>
				<class name="_base.py" filename="callbacks/_base.py" complexity="0" line-rate="0.8889" branch-rate="0">
					<methods/>
					<lines>
						<line number="3" hits="1"/>
						<line number="5" hits="1"/>
						<line number="8" hits="1"/>
						<line number="29" hits="1"/>
						<line number="37" hits="1"/>
						<line number="39" hits="1"/>
						<line number="42" hits="1"/>
						<line number="45" hits="1"/>
						<line number="48" hits="1"/>
						<line number="51" hits="1"/>
						<line number="54" hits="1"/>
						<line number="57" hits="1"/>
						<line number="64" hits="1"/>
						<line number="65" hits="0"/>
						<line number="67" hits="1"/>
						<line number="68" hits="0"/>
						<line number="70" hits="1"/>
						<line number="71" hits="1"/>
					</lines>
				</class>
				<class name="_logging.py" filename="callbacks/_logging.py" complexity="0" line-rate="0.9444" branch-rate="0">
					<methods/>
					<lines>
						<line number="3" hits="1"/>
						<line number="4" hits="1"/>
						<line number="5" hits="1"/>
						<line number="6" hits="1"/>
						<line number="8" hits="1"/>
						<line number="10" hits="1"/>
						<line number="11" hits="1"/>
						<line number="13" hits="1"/>
						<line number="16" hits="1"/>
						<line number="54" hits="1"/>
						<line number="55" hits="1"/>
						<line number="56" hits="1"/>
						<line number="63" hits="1"/>
						<line number="66" hits="1"/>
						<line number="84" hits="1"/>
						<line number="85" hits="1"/>
						<line number="86" hits="1"/>
						<line number="88" hits="1"/>
						<line number="90" hits="1"/>
						<line number="92" hits="1"/>
						<line number="94" hits="1"/>
						<line number="97" hits="1"/>
						<line number="142" hits="1"/>
						<line number="150" hits="1"/>
						<line number="151" hits="1"/>
						<line number="152" hits="1"/>
						<line number="153" hits="1"/>
						<line number="154" hits="1"/>
						<line number="156" hits="1"/>
						<line number="169" hits="1"/>
						<line number="171" hits="1"/>
						<line number="172" hits="1"/>
						<line number="173" hits="0"/>
						<line number="174" hits="1"/>
						<line number="175" hits="1"/>
						<line number="176" hits="1"/>
						<line number="178" hits="1"/>
						<line number="206" hits="1"/>
						<line number="208" hits="1"/>
						<line number="209" hits="0"/>
						<line number="211" hits="1"/>
						<line number="212" hits="0"/>
						<line number="215" hits="1"/>
						<line number="216" hits="1"/>
						<line number="219" hits="1"/>
						<line number="220" hits="1"/>
						<line number="221" hits="1"/>
						<line number="222" hits="1"/>
						<line number="224" hits="1"/>
						<line number="244" hits="1"/>
						<line number="247" hits="1"/>
						<line number="248" hits="1"/>
						<line number="251" hits="1"/>
						<line number="252" hits="1"/>
						<line number="253" hits="1"/>
						<line number="256" hits="1"/>
						<line number="257" hits="1"/>
						<line number="258" hits="0"/>
						<line number="261" hits="1"/>
						<line number="262" hits="1"/>
						<line number="264" hits="1"/>
						<line number="266" hits="1"/>
						<line number="288" hits="1"/>
						<line number="291" hits="1"/>
						<line number="293" hits="1"/>
						<line number="296" hits="1"/>
						<line number="297" hits="0"/>
						<line number="300" hits="1"/>
						<line number="302" hits="1"/>
						<line number="324" hits="1"/>
						<line number="325" hits="1"/>
						<line number="328" hits="1"/>
						<line number="329" hits="1"/>
						<line number="330" hits="1"/>
						<line number="333" hits="1"/>
						<line number="341" hits="1"/>
						<line number="371" hits="1"/>
						<line number="372" hits="1"/>
						<line number="374" hits="1"/>
						<line number="396" hits="1"/>
						<line number="398" hits="1"/>
						<line number="401" hits="1"/>
						<line number="404" hits="1"/>
						<line number="405" hits="1"/>
						<line number="407" hits="1"/>
						<line number="409" hits="1"/>
						<line number="411" hits="1"/>
						<line number="414" hits="1"/>
						<line number="417" hits="1"/>
						<line number="419" hits="1"/>
					</lines>
				</class>
				<class name="_lr_scheduler.py" filename="callbacks/_lr_scheduler.py" complexity="0" line-rate="0.7248" branch-rate="0">
					<methods/>
					<lines>
						<line number="1" hits="1"/>
						<line number="3" hits="1"/>
						<line number="4" hits="1"/>
						<line number="5" hits="1"/>
						<line number="6" hits="1"/>
						<line number="7" hits="1"/>
						<line number="8" hits="1"/>
						<line number="9" hits="1"/>
						<line number="10" hits="1"/>
						<line number="11" hits="1"/>
						<line number="16" hits="1"/>
						<line number="18" hits="1"/>
						<line number="21" hits="1"/>
						<line number="72" hits="0"/>
						<line number="73" hits="0"/>
						<line number="75" hits="0"/>
						<line number="78" hits="0"/>
						<line number="79" hits="0"/>
						<line number="83" hits="0"/>
						<line number="86" hits="1"/>
						<line number="134" hits="1"/>
						<line number="142" hits="1"/>
						<line number="143" hits="1"/>
						<line number="144" hits="1"/>
						<line number="145" hits="1"/>
						<line number="146" hits="1"/>
						<line number="148" hits="1"/>
						<line number="188" hits="1"/>
						<line number="189" hits="1"/>
						<line number="190" hits="1"/>
						<line number="191" hits="1"/>
						<line number="193" hits="1"/>
						<line number="194" hits="1"/>
						<line number="195" hits="1"/>
						<line number="196" hits="1"/>
						<line number="197" hits="1"/>
						<line number="199" hits="1"/>
						<line number="201" hits="1"/>
						<line number="237" hits="1"/>
						<line number="238" hits="1"/>
						<line number="239" hits="1"/>
						<line number="240" hits="1"/>
						<line number="242" hits="1"/>
						<line number="281" hits="1"/>
						<line number="282" hits="1"/>
						<line number="283" hits="0"/>
						<line number="285" hits="1"/>
						<line number="286" hits="1"/>
						<line number="311" hits="1"/>
						<line number="312" hits="1"/>
						<line number="317" hits="1"/>
						<line number="319" hits="1"/>
						<line number="351" hits="1"/>
						<line number="352" hits="0"/>
						<line number="353" hits="0"/>
						<line number="354" hits="0"/>
						<line number="355" hits="0"/>
						<line number="356" hits="1"/>
						<line number="358" hits="1"/>
						<line number="390" hits="1"/>
						<line number="391" hits="1"/>
						<line number="394" hits="1"/>
						<line number="395" hits="0"/>
						<line number="397" hits="1"/>
						<line number="398" hits="1"/>
						<line number="400" hits="1"/>
						<line number="402" hits="1"/>
						<line number="444" hits="1"/>
						<line number="445" hits="0"/>
						<line number="446" hits="1"/>
						<line number="447" hits="1"/>
						<line number="448" hits="0"/>
						<line number="450" hits="1"/>
						<line number="451" hits="1"/>
						<line number="452" hits="0"/>
						<line number="453" hits="0"/>
						<line number="459" hits="1"/>
						<line number="462" hits="1"/>
						<line number="465" hits="1"/>
						<line number="466" hits="1"/>
						<line number="468" hits="1"/>
						<line number="504" hits="1"/>
						<line number="505" hits="0"/>
						<line number="506" hits="1"/>
						<line number="507" hits="1"/>
						<line number="510" hits="1"/>
						<line number="511" hits="1"/>
						<line number="513" hits="1"/>
						<line number="560" hits="1"/>
						<line number="563" hits="1"/>
						<line number="564" hits="1"/>
						<line number="566" hits="1"/>
						<line number="569" hits="1"/>
						<line number="625" hits="1"/>
						<line number="634" hits="0"/>
						<line number="635" hits="0"/>
						<line number="636" hits="0"/>
						<line number="637" hits="0"/>
						<line number="638" hits="0"/>
						<line number="640" hits="1"/>
						<line number="674" hits="0"/>
						<line number="676" hits="1"/>
						<line number="692" hits="0"/>
						<line number="693" hits="0"/>
						<line number="696" hits="0"/>
						<line number="697" hits="0"/>
						<line number="698" hits="0"/>
						<line number="701" hits="0"/>
						<line number="705" hits="0"/>
					</lines>
				</class>
				<class name="_regularization.py" filename="callbacks/_regularization.py" complexity="0" line-rate="0.5455" branch-rate="0">
					<methods/>
					<lines>
						<line number="3" hits="1"/>
						<line number="5" hits="1"/>
						<line number="7" hits="1"/>
						<line number="10" hits="1"/>
						<line number="32" hits="1"/>
						<line number="37" hits="0"/>
						<line number="38" hits="0"/>
						<line number="40" hits="1"/>
						<line number="41" hits="0"/>
						<line number="42" hits="0"/>
						<line number="44" hits="0"/>
					</lines>
				</class>
				<class name="_scoring.py" filename="callbacks/_scoring.py" complexity="0" line-rate="0.3095" branch-rate="0">
					<methods/>
					<lines>
						<line number="3" hits="1"/>
						<line number="4" hits="1"/>
						<line number="5" hits="1"/>
						<line number="7" hits="1"/>
						<line number="8" hits="1"/>
						<line number="9" hits="1"/>
						<line number="11" hits="1"/>
						<line number="12" hits="1"/>
						<line number="13" hits="1"/>
						<line number="21" hits="1"/>
						<line number="24" hits="1"/>
						<line number="25" hits="1"/>
						<line number="63" hits="0"/>
						<line number="71" hits="0"/>
						<line number="72" hits="0"/>
						<line number="73" hits="0"/>
						<line number="76" hits="0"/>
						<line number="77" hits="0"/>
						<line number="79" hits="0"/>
						<line number="80" hits="0"/>
						<line number="84" hits="0"/>
						<line number="87" hits="1"/>
						<line number="88" hits="1"/>
						<line number="121" hits="0"/>
						<line number="122" hits="0"/>
						<line number="125" hits="0"/>
						<line number="126" hits="0"/>
						<line number="127" hits="0"/>
						<line number="130" hits="0"/>
						<line number="133" hits="0"/>
						<line number="135" hits="0"/>
						<line number="136" hits="0"/>
						<line number="139" hits="0"/>
						<line number="141" hits="0"/>
						<line number="142" hits="0"/>
						<line number="145" hits="0"/>
						<line number="148" hits="1"/>
						<line number="180" hits="0"/>
						<line number="182" hits="0"/>
						<line number="185" hits="0"/>
						<line number="188" hits="0"/>
						<line number="196" hits="0"/>
						<line number="199" hits="0"/>
						<line number="202" hits="1"/>
						<line number="271" hits="1"/>
						<line number="280" hits="0"/>
						<line number="281" hits="0"/>
						<line number="282" hits="0"/>
						<line number="283" hits="0"/>
						<line number="284" hits="0"/>
						<line number="285" hits="0"/>
						<line number="287" hits="1"/>
						<line number="313" hits="0"/>
						<line number="314" hits="0"/>
						<line number="315" hits="0"/>
						<line number="316" hits="0"/>
						<line number="317" hits="0"/>
						<line number="318" hits="0"/>
						<line number="319" hits="0"/>
						<line number="320" hits="0"/>
						<line number="321" hits="0"/>
						<line number="322" hits="0"/>
						<line number="324" hits="0"/>
						<line number="326" hits="0"/>
						<line number="327" hits="0"/>
						<line number="328" hits="0"/>
						<line number="332" hits="0"/>
						<line number="334" hits="1"/>
						<line number="359" hits="0"/>
						<line number="362" hits="0"/>
						<line number="365" hits="0"/>
						<line number="368" hits="0"/>
						<line number="370" hits="1"/>
						<line number="396" hits="0"/>
						<line number="397" hits="0"/>
						<line number="401" hits="0"/>
						<line number="403" hits="0"/>
						<line number="406" hits="0"/>
						<line number="409" hits="0"/>
						<line number="412" hits="0"/>
						<line number="413" hits="0"/>
						<line number="416" hits="0"/>
						<line number="418" hits="1"/>
						<line number="448" hits="0"/>
						<line number="451" hits="0"/>
						<line number="453" hits="1"/>
						<line number="480" hits="0"/>
						<line number="481" hits="0"/>
						<line number="485" hits="0"/>
						<line number="486" hits="0"/>
						<line number="487" hits="0"/>
						<line number="490" hits="1"/>
						<line number="527" hits="1"/>
						<line number="563" hits="0"/>
						<line number="564" hits="0"/>
						<line number="566" hits="0"/>
						<line number="567" hits="0"/>
						<line number="568" hits="0"/>
						<line number="571" hits="0"/>
						<line number="572" hits="0"/>
						<line number="573" hits="0"/>
						<line number="574" hits="0"/>
						<line number="575" hits="0"/>
						<line number="576" hits="0"/>
						<line number="578" hits="1"/>
						<line number="612" hits="0"/>
						<line number="613" hits="0"/>
						<line number="615" hits="0"/>
						<line number="617" hits="0"/>
						<line number="618" hits="0"/>
						<line number="619" hits="0"/>
						<line number="621" hits="1"/>
						<line number="657" hits="0"/>
						<line number="658" hits="0"/>
						<line number="659" hits="0"/>
						<line number="660" hits="0"/>
						<line number="661" hits="0"/>
						<line number="663" hits="0"/>
						<line number="664" hits="0"/>
						<line number="665" hits="0"/>
						<line number="666" hits="0"/>
						<line number="668" hits="0"/>
						<line number="669" hits="0"/>
						<line number="670" hits="0"/>
						<line number="673" hits="1"/>
						<line number="724" hits="1"/>
						<line number="731" hits="0"/>
						<line number="732" hits="0"/>
						<line number="734" hits="1"/>
						<line number="743" hits="0"/>
						<line number="744" hits="0"/>
						<line number="745" hits="0"/>
						<line number="747" hits="1"/>
						<line number="766" hits="0"/>
						<line number="768" hits="1"/>
						<line number="795" hits="0"/>
						<line number="796" hits="0"/>
						<line number="797" hits="0"/>
						<line number="799" hits="0"/>
						<line number="800" hits="0"/>
						<line number="802" hits="0"/>
						<line number="803" hits="0"/>
						<line number="804" hits="0"/>
						<line number="805" hits="0"/>
						<line number="807" hits="1"/>
						<line number="851" hits="0"/>
						<line number="853" hits="0"/>
						<line number="854" hits="0"/>
						<line number="855" hits="0"/>
						<line number="856" hits="0"/>
						<line number="859" hits="0"/>
						<line number="860" hits="0"/>
						<line number="862" hits="0"/>
						<line number="863" hits="0"/>
						<line number="869" hits="0"/>
						<line number="871" hits="0"/>
						<line number="874" hits="0"/>
						<line number="875" hits="0"/>
						<line number="877" hits="1"/>
						<line number="903" hits="0"/>
						<line number="905" hits="0"/>
						<line number="906" hits="0"/>
						<line number="907" hits="0"/>
						<line number="909" hits="0"/>
						<line number="910" hits="0"/>
						<line number="911" hits="0"/>
						<line number="913" hits="1"/>
						<line number="945" hits="0"/>
						<line number="946" hits="0"/>
						<line number="947" hits="0"/>
						<line number="949" hits="0"/>
						<line number="954" hits="0"/>
						<line number="955" hits="0"/>
						<line number="957" hits="0"/>
						<line number="958" hits="0"/>
						<line number="960" hits="0"/>
						<line number="962" hits="1"/>
						<line number="977" hits="0"/>
						<line number="980" hits="1"/>
						<line number="1022" hits="1"/>
						<line number="1028" hits="1"/>
						<line number="1029" hits="1"/>
						<line number="1030" hits="1"/>
						<line number="1032" hits="1"/>
						<line number="1047" hits="1"/>
						<line number="1048" hits="1"/>
						<line number="1050" hits="1"/>
						<line number="1083" hits="1"/>
						<line number="1084" hits="0"/>
						<line number="1085" hits="1"/>
						<line number="1086" hits="1"/>
						<line number="1087" hits="0"/>
						<line number="1089" hits="1"/>
						<line number="1125" hits="1"/>
						<line number="1128" hits="1"/>
						<line number="1131" hits="1"/>
						<line number="1133" hits="1"/>
						<line number="1135" hits="1"/>
						<line number="1169" hits="1"/>
						<line number="1170" hits="1"/>
						<line number="1171" hits="1"/>
						<line number="1172" hits="1"/>
						<line number="1173" hits="1"/>
						<line number="1176" hits="1"/>
						<line number="1179" hits="1"/>
						<line number="1180" hits="1"/>
						<line number="1182" hits="1"/>
						<line number="1185" hits="1"/>
						<line number="1188" hits="1"/>
						<line number="1190" hits="1"/>
					</lines>
				</class>
				<class name="_training.py" filename="callbacks/_training.py" complexity="0" line-rate="0.8476" branch-rate="0">
					<methods/>
					<lines>
						<line number="3" hits="1"/>
						<line number="4" hits="1"/>
						<line number="5" hits="1"/>
						<line number="6" hits="1"/>
						<line number="8" hits="1"/>
						<line number="10" hits="1"/>
						<line number="11" hits="1"/>
						<line number="12" hits="1"/>
						<line number="14" hits="1"/>
						<line number="17" hits="1"/>
						<line number="78" hits="1"/>
						<line number="90" hits="1"/>
						<line number="91" hits="1"/>
						<line number="92" hits="1"/>
						<line number="93" hits="1"/>
						<line number="94" hits="1"/>
						<line number="95" hits="1"/>
						<line number="96" hits="1"/>
						<line number="97" hits="1"/>
						<line number="98" hits="1"/>
						<line number="99" hits="1"/>
						<line number="100" hits="1"/>
						<line number="102" hits="1"/>
						<line number="137" hits="1"/>
						<line number="138" hits="1"/>
						<line number="139" hits="0"/>
						<line number="143" hits="1"/>
						<line number="144" hits="0"/>
						<line number="149" hits="1"/>
						<line number="178" hits="1"/>
						<line number="179" hits="1"/>
						<line number="180" hits="1"/>
						<line number="181" hits="1"/>
						<line number="183" hits="1"/>
						<line number="218" hits="1"/>
						<line number="219" hits="0"/>
						<line number="220" hits="1"/>
						<line number="221" hits="1"/>
						<line number="223" hits="1"/>
						<line number="265" hits="1"/>
						<line number="266" hits="0"/>
						<line number="273" hits="1"/>
						<line number="274" hits="1"/>
						<line number="275" hits="1"/>
						<line number="276" hits="0"/>
						<line number="278" hits="1"/>
						<line number="279" hits="1"/>
						<line number="280" hits="0"/>
						<line number="281" hits="0"/>
						<line number="285" hits="0"/>
						<line number="287" hits="1"/>
						<line number="288" hits="1"/>
						<line number="290" hits="1"/>
						<line number="291" hits="1"/>
						<line number="292" hits="1"/>
						<line number="297" hits="1"/>
						<line number="326" hits="1"/>
						<line number="332" hits="1"/>
						<line number="375" hits="1"/>
						<line number="379" hits="1"/>
						<line number="380" hits="1"/>
						<line number="381" hits="0"/>
						<line number="383" hits="1"/>
						<line number="384" hits="1"/>
						<line number="385" hits="1"/>
						<line number="387" hits="1"/>
						<line number="388" hits="1"/>
						<line number="389" hits="0"/>
						<line number="390" hits="0"/>
						<line number="392" hits="1"/>
						<line number="393" hits="1"/>
						<line number="394" hits="0"/>
						<line number="395" hits="0"/>
						<line number="396" hits="0"/>
						<line number="398" hits="1"/>
						<line number="399" hits="1"/>
						<line number="432" hits="0"/>
						<line number="433" hits="0"/>
						<line number="434" hits="0"/>
						<line number="436" hits="1"/>
						<line number="481" hits="1"/>
						<line number="482" hits="1"/>
						<line number="484" hits="1"/>
						<line number="485" hits="1"/>
						<line number="486" hits="1"/>
						<line number="487" hits="1"/>
						<line number="489" hits="1"/>
						<line number="494" hits="1"/>
						<line number="535" hits="1"/>
						<line number="536" hits="1"/>
						<line number="537" hits="0"/>
						<line number="538" hits="0"/>
						<line number="545" hits="1"/>
						<line number="587" hits="1"/>
						<line number="588" hits="1"/>
						<line number="589" hits="1"/>
						<line number="590" hits="1"/>
						<line number="595" hits="1"/>
						<line number="596" hits="0"/>
						<line number="598" hits="1"/>
						<line number="634" hits="1"/>
						<line number="636" hits="1"/>
						<line number="637" hits="0"/>
						<line number="639" hits="1"/>
						<line number="640" hits="1"/>
						<line number="642" hits="1"/>
						<line number="643" hits="0"/>
						<line number="645" hits="1"/>
						<line number="647" hits="1"/>
						<line number="648" hits="1"/>
						<line number="651" hits="1"/>
						<line number="706" hits="1"/>
						<line number="716" hits="1"/>
						<line number="717" hits="1"/>
						<line number="718" hits="1"/>
						<line number="719" hits="1"/>
						<line number="720" hits="1"/>
						<line number="721" hits="1"/>
						<line number="722" hits="1"/>
						<line number="723" hits="1"/>
						<line number="724" hits="1"/>
						<line number="726" hits="1"/>
						<line number="757" hits="0"/>
						<line number="758" hits="0"/>
						<line number="759" hits="0"/>
						<line number="761" hits="1"/>
						<line number="802" hits="1"/>
						<line number="803" hits="1"/>
						<line number="804" hits="1"/>
						<line number="805" hits="1"/>
						<line number="806" hits="1"/>
						<line number="807" hits="1"/>
						<line number="809" hits="1"/>
						<line number="847" hits="1"/>
						<line number="848" hits="1"/>
						<line number="849" hits="1"/>
						<line number="851" hits="1"/>
						<line number="852" hits="1"/>
						<line number="853" hits="1"/>
						<line number="854" hits="1"/>
						<line number="855" hits="1"/>
						<line number="856" hits="1"/>
						<line number="857" hits="1"/>
						<line number="858" hits="1"/>
						<line number="863" hits="1"/>
						<line number="865" hits="1"/>
						<line number="893" hits="1"/>
						<line number="898" hits="1"/>
						<line number="899" hits="1"/>
						<line number="904" hits="1"/>
						<line number="937" hits="1"/>
						<line number="938" hits="1"/>
						<line number="939" hits="1"/>
						<line number="941" hits="1"/>
						<line number="969" hits="1"/>
						<line number="970" hits="1"/>
						<line number="972" hits="1"/>
						<line number="974" hits="1"/>
						<line number="975" hits="1"/>
						<line number="977" hits="1"/>
						<line number="978" hits="1"/>
						<line number="980" hits="1"/>
						<line number="1010" hits="1"/>
						<line number="1011" hits="1"/>
					</lines>
				</class>
			</classes>
		</package>
		<package name="forecasters" line-rate="0.9748" branch-rate="0" complexity="0">
			<classes>
				<class name="__init__.py" filename="forecasters/__init__.py" complexity="0" line-rate="1" branch-rate="0">
					<methods/>
					<lines>
						<line number="1" hits="1"/>
						<line number="2" hits="1"/>
						<line number="3" hits="1"/>
						<line number="4" hits="1"/>
						<line number="5" hits="1"/>
						<line number="6" hits="1"/>
						<line number="7" hits="1"/>
						<line number="9" hits="1"/>
					</lines>
				</class>
				<class name="_bigru.py" filename="forecasters/_bigru.py" complexity="0" line-rate="0.975" branch-rate="0">
					<methods/>
					<lines>
						<line number="1" hits="1"/>
						<line number="2" hits="1"/>
						<line number="4" hits="1"/>
						<line number="5" hits="1"/>
						<line number="6" hits="1"/>
						<line number="8" hits="1"/>
						<line number="11" hits="1"/>
						<line number="38" hits="1"/>
						<line number="49" hits="1"/>
						<line number="50" hits="1"/>
						<line number="51" hits="1"/>
						<line number="52" hits="1"/>
						<line number="53" hits="1"/>
						<line number="54" hits="1"/>
						<line number="55" hits="1"/>
						<line number="57" hits="1"/>
						<line number="68" hits="1"/>
						<line number="69" hits="1"/>
						<line number="79" hits="1"/>
						<line number="80" hits="1"/>
						<line number="87" hits="1"/>
						<line number="97" hits="1"/>
						<line number="99" hits="1"/>
						<line number="101" hits="1"/>
						<line number="102" hits="1"/>
						<line number="104" hits="1"/>
						<line number="121" hits="1"/>
						<line number="122" hits="1"/>
						<line number="124" hits="1"/>
						<line number="126" hits="1"/>
						<line number="127" hits="1"/>
						<line number="129" hits="1"/>
						<line number="131" hits="1"/>
						<line number="134" hits="1"/>
						<line number="135" hits="1"/>
						<line number="136" hits="1"/>
						<line number="137" hits="1"/>
						<line number="139" hits="1"/>
						<line number="140" hits="1"/>
						<line number="141" hits="1"/>
						<line number="142" hits="1"/>
						<line number="145" hits="1"/>
						<line number="170" hits="1"/>
						<line number="182" hits="1"/>
						<line number="183" hits="1"/>
						<line number="184" hits="1"/>
						<line number="185" hits="1"/>
						<line number="186" hits="1"/>
						<line number="187" hits="1"/>
						<line number="189" hits="1"/>
						<line number="194" hits="1"/>
						<line number="196" hits="1"/>
						<line number="197" hits="1"/>
						<line number="199" hits="1"/>
						<line number="205" hits="1"/>
						<line number="206" hits="0"/>
						<line number="208" hits="1"/>
						<line number="210" hits="1"/>
						<line number="220" hits="1"/>
						<line number="221" hits="1"/>
						<line number="223" hits="1"/>
						<line number="225" hits="1"/>
						<line number="227" hits="1"/>
						<line number="242" hits="1"/>
						<line number="244" hits="1"/>
						<line number="246" hits="1"/>
						<line number="247" hits="1"/>
						<line number="248" hits="1"/>
						<line number="249" hits="1"/>
						<line number="250" hits="1"/>
						<line number="251" hits="1"/>
						<line number="252" hits="1"/>
						<line number="253" hits="0"/>
						<line number="255" hits="1"/>
						<line number="257" hits="1"/>
						<line number="259" hits="1"/>
						<line number="261" hits="1"/>
						<line number="263" hits="1"/>
						<line number="264" hits="1"/>
						<line number="265" hits="1"/>
					</lines>
				</class>
				<class name="_bilstm.py" filename="forecasters/_bilstm.py" complexity="0" line-rate="0.9759" branch-rate="0">
					<methods/>
					<lines>
						<line number="1" hits="1"/>
						<line number="2" hits="1"/>
						<line number="4" hits="1"/>
						<line number="5" hits="1"/>
						<line number="6" hits="1"/>
						<line number="8" hits="1"/>
						<line number="11" hits="1"/>
						<line number="38" hits="1"/>
						<line number="49" hits="1"/>
						<line number="50" hits="1"/>
						<line number="51" hits="1"/>
						<line number="52" hits="1"/>
						<line number="53" hits="1"/>
						<line number="54" hits="1"/>
						<line number="55" hits="1"/>
						<line number="57" hits="1"/>
						<line number="68" hits="1"/>
						<line number="69" hits="1"/>
						<line number="79" hits="1"/>
						<line number="80" hits="1"/>
						<line number="87" hits="1"/>
						<line number="97" hits="1"/>
						<line number="99" hits="1"/>
						<line number="100" hits="1"/>
						<line number="102" hits="1"/>
						<line number="103" hits="1"/>
						<line number="104" hits="1"/>
						<line number="106" hits="1"/>
						<line number="123" hits="1"/>
						<line number="124" hits="1"/>
						<line number="125" hits="1"/>
						<line number="127" hits="1"/>
						<line number="129" hits="1"/>
						<line number="130" hits="1"/>
						<line number="132" hits="1"/>
						<line number="134" hits="1"/>
						<line number="137" hits="1"/>
						<line number="138" hits="1"/>
						<line number="139" hits="1"/>
						<line number="140" hits="1"/>
						<line number="142" hits="1"/>
						<line number="143" hits="1"/>
						<line number="144" hits="1"/>
						<line number="145" hits="1"/>
						<line number="148" hits="1"/>
						<line number="173" hits="1"/>
						<line number="185" hits="1"/>
						<line number="186" hits="1"/>
						<line number="187" hits="1"/>
						<line number="188" hits="1"/>
						<line number="189" hits="1"/>
						<line number="190" hits="1"/>
						<line number="192" hits="1"/>
						<line number="197" hits="1"/>
						<line number="199" hits="1"/>
						<line number="200" hits="1"/>
						<line number="202" hits="1"/>
						<line number="208" hits="1"/>
						<line number="209" hits="0"/>
						<line number="211" hits="1"/>
						<line number="213" hits="1"/>
						<line number="223" hits="1"/>
						<line number="224" hits="1"/>
						<line number="226" hits="1"/>
						<line number="228" hits="1"/>
						<line number="230" hits="1"/>
						<line number="245" hits="1"/>
						<line number="247" hits="1"/>
						<line number="249" hits="1"/>
						<line number="250" hits="1"/>
						<line number="251" hits="1"/>
						<line number="252" hits="1"/>
						<line number="253" hits="1"/>
						<line number="254" hits="1"/>
						<line number="255" hits="1"/>
						<line number="256" hits="0"/>
						<line number="258" hits="1"/>
						<line number="260" hits="1"/>
						<line number="262" hits="1"/>
						<line number="264" hits="1"/>
						<line number="266" hits="1"/>
						<line number="267" hits="1"/>
						<line number="268" hits="1"/>
					</lines>
				</class>
				<class name="_dmm.py" filename="forecasters/_dmm.py" complexity="0" line-rate="0.9635" branch-rate="0">
					<methods/>
					<lines>
						<line number="1" hits="1"/>
						<line number="2" hits="1"/>
						<line number="3" hits="1"/>
						<line number="4" hits="1"/>
						<line number="5" hits="1"/>
						<line number="7" hits="1"/>
						<line number="8" hits="1"/>
						<line number="9" hits="1"/>
						<line number="10" hits="1"/>
						<line number="11" hits="1"/>
						<line number="13" hits="1"/>
						<line number="16" hits="1"/>
						<line number="52" hits="1"/>
						<line number="67" hits="1"/>
						<line number="68" hits="1"/>
						<line number="69" hits="1"/>
						<line number="70" hits="1"/>
						<line number="71" hits="1"/>
						<line number="72" hits="1"/>
						<line number="73" hits="1"/>
						<line number="74" hits="1"/>
						<line number="75" hits="1"/>
						<line number="76" hits="1"/>
						<line number="77" hits="1"/>
						<line number="78" hits="1"/>
						<line number="79" hits="1"/>
						<line number="81" hits="1"/>
						<line number="82" hits="1"/>
						<line number="83" hits="1"/>
						<line number="84" hits="1"/>
						<line number="85" hits="1"/>
						<line number="86" hits="1"/>
						<line number="87" hits="1"/>
						<line number="89" hits="1"/>
						<line number="91" hits="1"/>
						<line number="94" hits="1"/>
						<line number="95" hits="1"/>
						<line number="96" hits="1"/>
						<line number="104" hits="1"/>
						<line number="105" hits="1"/>
						<line number="106" hits="1"/>
						<line number="108" hits="1"/>
						<line number="120" hits="1"/>
						<line number="121" hits="1"/>
						<line number="123" hits="1"/>
						<line number="124" hits="1"/>
						<line number="126" hits="1"/>
						<line number="127" hits="1"/>
						<line number="128" hits="1"/>
						<line number="129" hits="1"/>
						<line number="130" hits="1"/>
						<line number="134" hits="1"/>
						<line number="135" hits="1"/>
						<line number="140" hits="1"/>
						<line number="142" hits="1"/>
						<line number="154" hits="1"/>
						<line number="155" hits="1"/>
						<line number="157" hits="1"/>
						<line number="158" hits="1"/>
						<line number="161" hits="1"/>
						<line number="163" hits="1"/>
						<line number="165" hits="1"/>
						<line number="166" hits="1"/>
						<line number="167" hits="1"/>
						<line number="168" hits="1"/>
						<line number="169" hits="1"/>
						<line number="173" hits="1"/>
						<line number="175" hits="1"/>
						<line number="188" hits="1"/>
						<line number="189" hits="1"/>
						<line number="192" hits="1"/>
						<line number="194" hits="1"/>
						<line number="195" hits="1"/>
						<line number="196" hits="1"/>
						<line number="197" hits="1"/>
						<line number="198" hits="1"/>
						<line number="200" hits="1"/>
						<line number="201" hits="1"/>
						<line number="203" hits="1"/>
						<line number="204" hits="1"/>
						<line number="205" hits="1"/>
						<line number="206" hits="1"/>
						<line number="207" hits="1"/>
						<line number="208" hits="1"/>
						<line number="210" hits="1"/>
						<line number="213" hits="1"/>
						<line number="244" hits="1"/>
						<line number="259" hits="1"/>
						<line number="260" hits="1"/>
						<line number="261" hits="1"/>
						<line number="262" hits="1"/>
						<line number="263" hits="1"/>
						<line number="264" hits="1"/>
						<line number="265" hits="1"/>
						<line number="266" hits="1"/>
						<line number="267" hits="1"/>
						<line number="269" hits="1"/>
						<line number="274" hits="1"/>
						<line number="275" hits="1"/>
						<line number="277" hits="1"/>
						<line number="278" hits="1"/>
						<line number="280" hits="1"/>
						<line number="286" hits="1"/>
						<line number="287" hits="0"/>
						<line number="289" hits="1"/>
						<line number="291" hits="1"/>
						<line number="305" hits="1"/>
						<line number="306" hits="1"/>
						<line number="308" hits="1"/>
						<line number="310" hits="1"/>
						<line number="312" hits="1"/>
						<line number="313" hits="1"/>
						<line number="314" hits="1"/>
						<line number="316" hits="1"/>
						<line number="318" hits="1"/>
						<line number="320" hits="1"/>
						<line number="322" hits="1"/>
						<line number="324" hits="1"/>
						<line number="339" hits="1"/>
						<line number="341" hits="1"/>
						<line number="343" hits="1"/>
						<line number="345" hits="1"/>
						<line number="347" hits="1"/>
						<line number="348" hits="1"/>
						<line number="349" hits="1"/>
						<line number="350" hits="0"/>
						<line number="351" hits="0"/>
						<line number="352" hits="0"/>
						<line number="353" hits="0"/>
						<line number="354" hits="1"/>
						<line number="356" hits="1"/>
						<line number="358" hits="1"/>
						<line number="360" hits="1"/>
						<line number="362" hits="1"/>
						<line number="364" hits="1"/>
						<line number="365" hits="1"/>
						<line number="366" hits="1"/>
					</lines>
				</class>
				<class name="_gru.py" filename="forecasters/_gru.py" complexity="0" line-rate="0.9726" branch-rate="0">
					<methods/>
					<lines>
						<line number="1" hits="1"/>
						<line number="2" hits="1"/>
						<line number="4" hits="1"/>
						<line number="5" hits="1"/>
						<line number="6" hits="1"/>
						<line number="8" hits="1"/>
						<line number="11" hits="1"/>
						<line number="34" hits="1"/>
						<line number="45" hits="1"/>
						<line number="46" hits="1"/>
						<line number="47" hits="1"/>
						<line number="48" hits="1"/>
						<line number="49" hits="1"/>
						<line number="50" hits="1"/>
						<line number="51" hits="1"/>
						<line number="53" hits="1"/>
						<line number="62" hits="1"/>
						<line number="71" hits="1"/>
						<line number="72" hits="1"/>
						<line number="79" hits="1"/>
						<line number="96" hits="1"/>
						<line number="99" hits="1"/>
						<line number="102" hits="1"/>
						<line number="103" hits="1"/>
						<line number="105" hits="1"/>
						<line number="107" hits="1"/>
						<line number="110" hits="1"/>
						<line number="111" hits="1"/>
						<line number="112" hits="1"/>
						<line number="113" hits="1"/>
						<line number="115" hits="1"/>
						<line number="116" hits="1"/>
						<line number="117" hits="1"/>
						<line number="118" hits="1"/>
						<line number="121" hits="1"/>
						<line number="146" hits="1"/>
						<line number="158" hits="1"/>
						<line number="159" hits="1"/>
						<line number="160" hits="1"/>
						<line number="161" hits="1"/>
						<line number="162" hits="1"/>
						<line number="163" hits="1"/>
						<line number="165" hits="1"/>
						<line number="170" hits="1"/>
						<line number="172" hits="1"/>
						<line number="173" hits="1"/>
						<line number="175" hits="1"/>
						<line number="181" hits="1"/>
						<line number="182" hits="0"/>
						<line number="184" hits="1"/>
						<line number="186" hits="1"/>
						<line number="196" hits="1"/>
						<line number="197" hits="1"/>
						<line number="199" hits="1"/>
						<line number="201" hits="1"/>
						<line number="203" hits="1"/>
						<line number="218" hits="1"/>
						<line number="220" hits="1"/>
						<line number="222" hits="1"/>
						<line number="223" hits="1"/>
						<line number="224" hits="1"/>
						<line number="225" hits="1"/>
						<line number="226" hits="1"/>
						<line number="227" hits="1"/>
						<line number="228" hits="1"/>
						<line number="229" hits="0"/>
						<line number="231" hits="1"/>
						<line number="233" hits="1"/>
						<line number="235" hits="1"/>
						<line number="237" hits="1"/>
						<line number="239" hits="1"/>
						<line number="240" hits="1"/>
						<line number="241" hits="1"/>
					</lines>
				</class>
				<class name="_lstm.py" filename="forecasters/_lstm.py" complexity="0" line-rate="0.973" branch-rate="0">
					<methods/>
					<lines>
						<line number="1" hits="1"/>
						<line number="2" hits="1"/>
						<line number="4" hits="1"/>
						<line number="5" hits="1"/>
						<line number="6" hits="1"/>
						<line number="8" hits="1"/>
						<line number="11" hits="1"/>
						<line number="34" hits="1"/>
						<line number="45" hits="1"/>
						<line number="46" hits="1"/>
						<line number="47" hits="1"/>
						<line number="48" hits="1"/>
						<line number="49" hits="1"/>
						<line number="50" hits="1"/>
						<line number="51" hits="1"/>
						<line number="53" hits="1"/>
						<line number="62" hits="1"/>
						<line number="71" hits="1"/>
						<line number="72" hits="1"/>
						<line number="79" hits="1"/>
						<line number="96" hits="1"/>
						<line number="98" hits="1"/>
						<line number="100" hits="1"/>
						<line number="102" hits="1"/>
						<line number="103" hits="1"/>
						<line number="105" hits="1"/>
						<line number="107" hits="1"/>
						<line number="110" hits="1"/>
						<line number="111" hits="1"/>
						<line number="112" hits="1"/>
						<line number="113" hits="1"/>
						<line number="115" hits="1"/>
						<line number="116" hits="1"/>
						<line number="117" hits="1"/>
						<line number="118" hits="1"/>
						<line number="121" hits="1"/>
						<line number="146" hits="1"/>
						<line number="158" hits="1"/>
						<line number="159" hits="1"/>
						<line number="160" hits="1"/>
						<line number="161" hits="1"/>
						<line number="162" hits="1"/>
						<line number="163" hits="1"/>
						<line number="165" hits="1"/>
						<line number="170" hits="1"/>
						<line number="172" hits="1"/>
						<line number="173" hits="1"/>
						<line number="175" hits="1"/>
						<line number="181" hits="1"/>
						<line number="182" hits="0"/>
						<line number="184" hits="1"/>
						<line number="186" hits="1"/>
						<line number="196" hits="1"/>
						<line number="197" hits="1"/>
						<line number="199" hits="1"/>
						<line number="201" hits="1"/>
						<line number="203" hits="1"/>
						<line number="218" hits="1"/>
						<line number="220" hits="1"/>
						<line number="222" hits="1"/>
						<line number="223" hits="1"/>
						<line number="224" hits="1"/>
						<line number="225" hits="1"/>
						<line number="226" hits="1"/>
						<line number="227" hits="1"/>
						<line number="228" hits="1"/>
						<line number="229" hits="0"/>
						<line number="231" hits="1"/>
						<line number="233" hits="1"/>
						<line number="235" hits="1"/>
						<line number="237" hits="1"/>
						<line number="239" hits="1"/>
						<line number="240" hits="1"/>
						<line number="241" hits="1"/>
					</lines>
				</class>
				<class name="_tcn.py" filename="forecasters/_tcn.py" complexity="0" line-rate="0.9836" branch-rate="0">
					<methods/>
					<lines>
						<line number="1" hits="1"/>
						<line number="2" hits="1"/>
						<line number="3" hits="1"/>
						<line number="5" hits="1"/>
						<line number="6" hits="1"/>
						<line number="7" hits="1"/>
						<line number="9" hits="1"/>
						<line number="12" hits="1"/>
						<line number="19" hits="1"/>
						<line number="20" hits="1"/>
						<line number="21" hits="1"/>
						<line number="22" hits="1"/>
						<line number="31" hits="1"/>
						<line number="33" hits="1"/>
						<line number="34" hits="1"/>
						<line number="38" hits="1"/>
						<line number="45" hits="1"/>
						<line number="54" hits="1"/>
						<line number="55" hits="1"/>
						<line number="58" hits="1"/>
						<line number="59" hits="1"/>
						<line number="61" hits="1"/>
						<line number="64" hits="1"/>
						<line number="65" hits="1"/>
						<line number="67" hits="1"/>
						<line number="72" hits="1"/>
						<line number="74" hits="1"/>
						<line number="76" hits="1"/>
						<line number="77" hits="1"/>
						<line number="78" hits="1"/>
						<line number="80" hits="1"/>
						<line number="81" hits="1"/>
						<line number="82" hits="1"/>
						<line number="84" hits="1"/>
						<line number="85" hits="1"/>
						<line number="88" hits="1"/>
						<line number="107" hits="1"/>
						<line number="116" hits="1"/>
						<line number="117" hits="1"/>
						<line number="118" hits="1"/>
						<line number="119" hits="1"/>
						<line number="120" hits="1"/>
						<line number="121" hits="1"/>
						<line number="131" hits="1"/>
[...]
						<line number="127" hits="1"/>
						<line number="128" hits="1"/>
						<line number="134" hits="1"/>
						<line number="136" hits="1"/>
						<line number="156" hits="1"/>
						<line number="157" hits="1"/>
						<line number="161" hits="1"/>
						<line number="162" hits="1"/>
						<line number="163" hits="1"/>
						<line number="165" hits="1"/>
						<line number="167" hits="1"/>
						<line number="168" hits="1"/>
						<line number="170" hits="1"/>
						<line number="172" hits="1"/>
						<line number="174" hits="1"/>
						<line number="175" hits="1"/>
						<line number="177" hits="1"/>
					</lines>
				</class>
				<class name="_synthetic.py" filename="preprocessing/_synthetic.py" complexity="0" line-rate="1" branch-rate="0">
					<methods/>
					<lines>
						<line number="1" hits="1"/>
						<line number="4" hits="1"/>
						<line number="11" hits="1"/>
						<line number="12" hits="1"/>
						<line number="13" hits="1"/>
						<line number="15" hits="1"/>
						<line number="16" hits="1"/>
						<line number="17" hits="1"/>
						<line number="18" hits="1"/>
						<line number="20" hits="1"/>
						<line number="21" hits="1"/>
						<line number="22" hits="1"/>
						<line number="24" hits="1"/>
					</lines>
				</class>
				<class name="_transforms.py" filename="preprocessing/_transforms.py" complexity="0" line-rate="0.9254" branch-rate="0">
					<methods/>
					<lines>
						<line number="1" hits="1"/>
						<line number="2" hits="1"/>
						<line number="4" hits="1"/>
						<line number="7" hits="1"/>
						<line number="26" hits="1"/>
						<line number="27" hits="1"/>
						<line number="28" hits="1"/>
						<line number="30" hits="1"/>
						<line number="32" hits="1"/>
						<line number="33" hits="1"/>
						<line number="38" hits="1"/>
						<line number="40" hits="1"/>
						<line number="41" hits="0"/>
						<line number="42" hits="1"/>
						<line number="43" hits="1"/>
						<line number="47" hits="1"/>
						<line number="48" hits="1"/>
						<line number="51" hits="1"/>
						<line number="53" hits="1"/>
						<line number="67" hits="1"/>
						<line number="69" hits="1"/>
						<line number="70" hits="1"/>
						<line number="72" hits="1"/>
						<line number="73" hits="1"/>
						<line number="78" hits="1"/>
						<line number="80" hits="1"/>
						<line number="94" hits="1"/>
						<line number="95" hits="1"/>
						<line number="96" hits="1"/>
						<line number="97" hits="0"/>
						<line number="102" hits="1"/>
						<line number="103" hits="1"/>
						<line number="105" hits="1"/>
						<line number="119" hits="1"/>
						<line number="120" hits="1"/>
						<line number="121" hits="1"/>
						<line number="123" hits="0"/>
						<line number="125" hits="1"/>
						<line number="126" hits="1"/>
						<line number="128" hits="1"/>
						<line number="142" hits="1"/>
						<line number="145" hits="1"/>
						<line number="163" hits="1"/>
						<line number="164" hits="1"/>
						<line number="165" hits="0"/>
						<line number="166" hits="1"/>
						<line number="168" hits="1"/>
						<line number="170" hits="1"/>
						<line number="171" hits="0"/>
						<line number="172" hits="1"/>
						<line number="173" hits="1"/>
						<line number="177" hits="1"/>
						<line number="178" hits="1"/>
						<line number="181" hits="1"/>
						<line number="183" hits="1"/>
						<line number="197" hits="1"/>
						<line number="199" hits="1"/>
						<line number="214" hits="1"/>
						<line number="216" hits="1"/>
						<line number="217" hits="1"/>
						<line number="218" hits="1"/>
						<line number="219" hits="1"/>
						<line number="224" hits="1"/>
						<line number="225" hits="1"/>
						<line number="227" hits="1"/>
						<line number="240" hits="1"/>
						<line number="254" hits="1"/>
					</lines>
				</class>
			</classes>
		</package>
		<package name="probabilistic" line-rate="0.6429" branch-rate="0" complexity="0">
			<classes>
				<class name="__init__.py" filename="probabilistic/__init__.py" complexity="0" line-rate="1" branch-rate="0">
					<methods/>
					<lines>
						<line number="1" hits="1"/>
						<line number="3" hits="1"/>
					</lines>
				</class>
				<class name="_combiner.py" filename="probabilistic/_combiner.py" complexity="0" line-rate="1" branch-rate="0">
					<methods/>
					<lines>
						<line number="1" hits="1"/>
						<line number="4" hits="1"/>
						<line number="44" hits="1"/>
						<line number="45" hits="1"/>
						<line number="47" hits="1"/>
						<line number="48" hits="1"/>
						<line number="49" hits="1"/>
						<line number="52" hits="1"/>
						<line number="53" hits="1"/>
						<line number="55" hits="1"/>
						<line number="84" hits="1"/>
						<line number="87" hits="1"/>
						<line number="90" hits="1"/>
						<line number="93" hits="1"/>
						<line number="96" hits="1"/>
					</lines>
				</class>
				<class name="_dmm.py" filename="probabilistic/_dmm.py" complexity="0" line-rate="0.2763" branch-rate="0">
					<methods/>
					<lines>
						<line number="1" hits="1"/>
						<line number="2" hits="1"/>
						<line number="3" hits="1"/>
						<line number="4" hits="1"/>
						<line number="5" hits="1"/>
						<line number="7" hits="1"/>
						<line number="9" hits="1"/>
						<line number="10" hits="1"/>
						<line number="11" hits="1"/>
						<line number="13" hits="1"/>
						<line number="16" hits="1"/>
						<line number="88" hits="1"/>
						<line number="103" hits="0"/>
						<line number="105" hits="0"/>
						<line number="106" hits="0"/>
						<line number="107" hits="0"/>
						<line number="108" hits="0"/>
						<line number="109" hits="0"/>
						<line number="110" hits="0"/>
						<line number="111" hits="0"/>
						<line number="112" hits="0"/>
						<line number="113" hits="0"/>
						<line number="114" hits="0"/>
						<line number="116" hits="1"/>
						<line number="126" hits="0"/>
						<line number="128" hits="0"/>
						<line number="132" hits="0"/>
						<line number="136" hits="0"/>
						<line number="138" hits="0"/>
						<line number="150" hits="0"/>
						<line number="151" hits="0"/>
						<line number="153" hits="0"/>
						<line number="155" hits="1"/>
						<line number="156" hits="1"/>
						<line number="157" hits="0"/>
						<line number="160" hits="1"/>
						<line number="198" hits="1"/>
						<line number="227" hits="0"/>
						<line number="228" hits="0"/>
						<line number="243" hits="1"/>
						<line number="261" hits="0"/>
						<line number="264" hits="0"/>
						<line number="268" hits="0"/>
						<line number="272" hits="0"/>
						<line number="276" hits="0"/>
						<line number="281" hits="0"/>
						<line number="285" hits="0"/>
						<line number="289" hits="0"/>
						<line number="295" hits="0"/>
						<line number="300" hits="0"/>
						<line number="303" hits="0"/>
						<line number="305" hits="1"/>
						<line number="323" hits="0"/>
						<line number="325" hits="0"/>
						<line number="328" hits="0"/>
						<line number="333" hits="0"/>
						<line number="337" hits="0"/>
						<line number="340" hits="0"/>
						<line number="342" hits="0"/>
						<line number="346" hits="0"/>
						<line number="349" hits="0"/>
						<line number="353" hits="0"/>
						<line number="354" hits="0"/>
						<line number="357" hits="0"/>
						<line number="359" hits="1"/>
						<line number="386" hits="0"/>
						<line number="389" hits="0"/>
						<line number="392" hits="0"/>
						<line number="395" hits="0"/>
						<line number="398" hits="0"/>
						<line number="402" hits="0"/>
						<line number="405" hits="0"/>
						<line number="408" hits="0"/>
						<line number="411" hits="0"/>
						<line number="413" hits="1"/>
						<line number="429" hits="0"/>
					</lines>
				</class>
				<class name="_emitter.py" filename="probabilistic/_emitter.py" complexity="0" line-rate="1" branch-rate="0">
					<methods/>
					<lines>
						<line number="1" hits="1"/>
						<line number="2" hits="1"/>
						<line number="5" hits="1"/>
						<line number="49" hits="1"/>
						<line number="50" hits="1"/>
						<line number="52" hits="1"/>
						<line number="53" hits="1"/>
						<line number="54" hits="1"/>
						<line number="57" hits="1"/>
						<line number="60" hits="1"/>
						<line number="61" hits="1"/>
						<line number="62" hits="1"/>
						<line number="65" hits="1"/>
						<line number="68" hits="1"/>
						<line number="69" hits="1"/>
						<line number="71" hits="1"/>
						<line number="95" hits="1"/>
						<line number="96" hits="1"/>
						<line number="97" hits="1"/>
						<line number="98" hits="1"/>
						<line number="99" hits="1"/>
						<line number="102" hits="1"/>
						<line number="103" hits="1"/>
						<line number="104" hits="1"/>
						<line number="105" hits="1"/>
						<line number="106" hits="1"/>
						<line number="107" hits="1"/>
						<line number="109" hits="1"/>
					</lines>
				</class>
				<class name="_transition.py" filename="probabilistic/_transition.py" complexity="0" line-rate="1" branch-rate="0">
					<methods/>
					<lines>
						<line number="1" hits="1"/>
						<line number="2" hits="1"/>
						<line number="5" hits="1"/>
						<line number="53" hits="1"/>
						<line number="54" hits="1"/>
						<line number="56" hits="1"/>
						<line number="57" hits="1"/>
						<line number="58" hits="1"/>
						<line number="61" hits="1"/>
						<line number="62" hits="1"/>
						<line number="63" hits="1"/>
						<line number="66" hits="1"/>
						<line number="69" hits="1"/>
						<line number="70" hits="1"/>
						<line number="73" hits="1"/>
						<line number="74" hits="1"/>
						<line number="77" hits="1"/>
						<line number="78" hits="1"/>
						<line number="80" hits="1"/>
						<line number="101" hits="1"/>
						<line number="102" hits="1"/>
						<line number="103" hits="1"/>
						<line number="104" hits="1"/>
						<line number="107" hits="1"/>
						<line number="108" hits="1"/>
						<line number="109" hits="1"/>
						<line number="110" hits="1"/>
						<line number="113" hits="1"/>
						<line number="114" hits="1"/>
						<line number="115" hits="1"/>
						<line number="118" hits="1"/>
						<line number="119" hits="1"/>
						<line number="121" hits="1"/>
					</lines>
				</class>
			</classes>
		</package>
		<package name="utils" line-rate="0.582" branch-rate="0" complexity="0">
			<classes>
				<class name="__init__.py" filename="utils/__init__.py" complexity="0" line-rate="1" branch-rate="0">
					<methods/>
					<lines>
						<line number="1" hits="1"/>
						<line number="3" hits="1"/>
					</lines>
				</class>
				<class name="_utils.py" filename="utils/_utils.py" complexity="0" line-rate="0.5787" branch-rate="0">
					<methods/>
					<lines>
						<line number="1" hits="1"/>
						<line number="2" hits="1"/>
						<line number="3" hits="1"/>
						<line number="4" hits="1"/>
						<line number="5" hits="1"/>
						<line number="6" hits="1"/>
						<line number="7" hits="1"/>
						<line number="9" hits="1"/>
						<line number="10" hits="1"/>
						<line number="11" hits="1"/>
						<line number="12" hits="1"/>
						<line number="13" hits="1"/>
						<line number="14" hits="1"/>
						<line number="15" hits="1"/>
						<line number="16" hits="1"/>
						<line number="17" hits="1"/>
						<line number="19" hits="1"/>
						<line number="21" hits="1"/>
						<line number="22" hits="1"/>
						<line number="24" hits="0"/>
						<line number="25" hits="1"/>
						<line number="26" hits="1"/>
						<line number="29" hits="1"/>
						<line number="71" hits="1"/>
						<line number="91" hits="1"/>
						<line number="92" hits="1"/>
						<line number="93" hits="1"/>
						<line number="94" hits="1"/>
						<line number="95" hits="1"/>
						<line number="96" hits="1"/>
						<line number="99" hits="1"/>
						<line number="118" hits="1"/>
						<line number="121" hits="1"/>
						<line number="135" hits="1"/>
						<line number="138" hits="1"/>
						<line number="156" hits="0"/>
						<line number="158" hits="0"/>
						<line number="161" hits="1"/>
						<line number="199" hits="1"/>
						<line number="201" hits="1"/>
						<line number="202" hits="1"/>
						<line number="203" hits="0"/>
						<line number="204" hits="0"/>
						<line number="205" hits="0"/>
						<line number="207" hits="0"/>
						<line number="208" hits="0"/>
						<line number="209" hits="0"/>
						<line number="210" hits="0"/>
						<line number="211" hits="0"/>
						<line number="212" hits="0"/>
						<line number="213" hits="0"/>
						<line number="214" hits="0"/>
						<line number="215" hits="0"/>
						<line number="216" hits="0"/>
						<line number="217" hits="0"/>
						<line number="218" hits="0"/>
						<line number="219" hits="0"/>
						<line number="220" hits="0"/>
						<line number="221" hits="0"/>
						<line number="225" hits="0"/>
						<line number="228" hits="1"/>
						<line number="270" hits="1"/>
						<line number="273" hits="1"/>
						<line number="318" hits="1"/>
						<line number="319" hits="0"/>
						<line number="321" hits="1"/>
						<line number="322" hits="0"/>
						<line number="324" hits="1"/>
						<line number="325" hits="0"/>
						<line number="327" hits="1"/>
						<line number="328" hits="0"/>
						<line number="330" hits="1"/>
						<line number="331" hits="0"/>
						<line number="333" hits="1"/>
						<line number="334" hits="0"/>
						<line number="336" hits="1"/>
						<line number="337" hits="0"/>
						<line number="339" hits="1"/>
						<line number="340" hits="0"/>
						<line number="342" hits="1"/>
						<line number="343" hits="0"/>
						<line number="345" hits="1"/>
						<line number="348" hits="1"/>
						<line number="389" hits="1"/>
						<line number="390" hits="1"/>
						<line number="392" hits="1"/>
						<line number="394" hits="0"/>
						<line number="397" hits="1"/>
						<line number="398" hits="0"/>
						<line number="400" hits="1"/>
						<line number="401" hits="0"/>
						<line number="403" hits="1"/>
						<line number="406" hits="1"/>
						<line number="444" hits="1"/>
						<line number="445" hits="1"/>
						<line number="446" hits="0"/>
						<line number="447" hits="0"/>
						<line number="450" hits="1"/>
						<line number="478" hits="1"/>
						<line number="481" hits="1"/>
						<line number="508" hits="1"/>
						<line number="509" hits="1"/>
						<line number="510" hits="0"/>
						<line number="512" hits="1"/>
						<line number="515" hits="1"/>
						<line number="533" hits="0"/>
						<line number="536" hits="1"/>
						<line number="556" hits="0"/>
						<line number="559" hits="1"/>
						<line number="582" hits="0"/>
						<line number="583" hits="0"/>
						<line number="584" hits="0"/>
						<line number="587" hits="1"/>
						<line number="608" hits="0"/>
						<line number="609" hits="0"/>
						<line number="610" hits="0"/>
						<line number="613" hits="1"/>
						<line number="637" hits="1"/>
						<line number="638" hits="1"/>
						<line number="639" hits="0"/>
						<line number="642" hits="1"/>
						<line number="686" hits="1"/>
						<line number="687" hits="1"/>
						<line number="690" hits="1"/>
						<line number="691" hits="0"/>
						<line number="694" hits="1"/>
						<line number="695" hits="0"/>
						<line number="696" hits="0"/>
						<line number="697" hits="0"/>
						<line number="698" hits="0"/>
						<line number="699" hits="0"/>
						<line number="700" hits="0"/>
						<line number="703" hits="1"/>
						<line number="704" hits="0"/>
						<line number="707" hits="1"/>
						<line number="710" hits="1"/>
						<line number="742" hits="1"/>
						<line number="744" hits="0"/>
						<line number="748" hits="0"/>
						<line number="750" hits="0"/>
						<line number="752" hits="0"/>
						<line number="754" hits="1"/>
						<line number="757" hits="1"/>
						<line number="798" hits="1"/>
						<line number="801" hits="1"/>
						<line number="802" hits="1"/>
						<line number="807" hits="0"/>
						<line number="810" hits="1"/>
						<line number="846" hits="0"/>
						<line number="847" hits="0"/>
						<line number="850" hits="0"/>
						<line number="852" hits="0"/>
						<line number="853" hits="0"/>
						<line number="856" hits="0"/>
						<line number="857" hits="0"/>
						<line number="860" hits="1"/>
						<line number="900" hits="1"/>
						<line number="901" hits="0"/>
						<line number="904" hits="1"/>
						<line number="905" hits="1"/>
						<line number="908" hits="1"/>
						<line number="915" hits="1"/>
						<line number="916" hits="1"/>
						<line number="919" hits="1"/>
						<line number="970" hits="0"/>
						<line number="972" hits="0"/>
						<line number="973" hits="0"/>
						<line number="976" hits="0"/>
						<line number="977" hits="0"/>
						<line number="978" hits="0"/>
						<line number="979" hits="0"/>
						<line number="980" hits="0"/>
						<line number="981" hits="0"/>
						<line number="982" hits="0"/>
						<line number="984" hits="0"/>
						<line number="985" hits="0"/>
						<line number="986" hits="0"/>
						<line number="989" hits="1"/>
						<line number="1021" hits="0"/>
						<line number="1026" hits="0"/>
						<line number="1027" hits="0"/>
						<line number="1030" hits="0"/>
						<line number="1033" hits="1"/>
						<line number="1034" hits="1"/>
						<line number="1037" hits="1"/>
						<line number="1038" hits="1"/>
						<line number="1088" hits="0"/>
						<line number="1089" hits="0"/>
						<line number="1091" hits="0"/>
						<line number="1094" hits="0"/>
						<line number="1095" hits="0"/>
						<line number="1098" hits="0"/>
						<line number="1101" hits="1"/>
						<line number="1135" hits="0"/>
						<line number="1138" hits="1"/>
						<line number="1172" hits="0"/>
						<line number="1175" hits="1"/>
						<line number="1213" hits="1"/>
						<line number="1217" hits="1"/>
						<line number="1219" hits="1"/>
						<line number="1238" hits="1"/>
						<line number="1239" hits="1"/>
						<line number="1241" hits="1"/>
						<line number="1261" hits="1"/>
						<line number="1264" hits="1"/>
						<line number="1293" hits="0"/>
						<line number="1296" hits="1"/>
						<line number="1310" hits="0"/>
						<line number="1313" hits="1"/>
						<line number="1332" hits="0"/>
						<line number="1335" hits="1"/>
						<line number="1370" hits="1"/>
						<line number="1371" hits="0"/>
						<line number="1373" hits="1"/>
						<line number="1377" hits="1"/>
						<line number="1378" hits="0"/>
						<line number="1385" hits="0"/>
						<line number="1386" hits="1"/>
						<line number="1389" hits="1"/>
						<line number="1425" hits="1"/>
						<line number="1426" hits="1"/>
						<line number="1427" hits="0"/>
						<line number="1428" hits="0"/>
						<line number="1429" hits="0"/>
						<line number="1435" hits="0"/>
						<line number="1438" hits="1"/>
						<line number="1453" hits="1"/>
						<line number="1456" hits="1"/>
						<line number="1475" hits="1"/>
						<line number="1478" hits="1"/>
						<line number="1511" hits="1"/>
						<line number="1512" hits="1"/>
						<line number="1514" hits="1"/>
						<line number="1525" hits="0"/>
						<line number="1526" hits="0"/>
						<line number="1529" hits="1"/>
						<line number="1573" hits="1"/>
						<line number="1574" hits="0"/>
						<line number="1580" hits="1"/>
						<line number="1581" hits="1"/>
						<line number="1582" hits="1"/>
						<line number="1583" hits="1"/>
						<line number="1584" hits="1"/>
						<line number="1585" hits="0"/>
						<line number="1591" hits="1"/>
						<line number="1592" hits="1"/>
						<line number="1593" hits="1"/>
						<line number="1594" hits="0"/>
						<line number="1598" hits="1"/>
						<line number="1599" hits="1"/>
						<line number="1601" hits="1"/>
						<line number="1604" hits="1"/>
						<line number="1640" hits="1"/>
						<line number="1649" hits="1"/>
					</lines>
				</class>
			</classes>
		</package>
	</packages>
</coverage>
